CRITICAL - 2021-04-08 04:03:45 --> Column 'nama_materi' cannot be null
#0 C:\xampp\htdocs\list_belajar\system\Database\MySQLi\Connection.php(331): mysqli->query('INSERT INTO `ma...')
#1 C:\xampp\htdocs\list_belajar\system\Database\BaseConnection.php(741): CodeIgniter\Database\MySQLi\Connection->execute('INSERT INTO `ma...')
#2 C:\xampp\htdocs\list_belajar\system\Database\BaseConnection.php(669): CodeIgniter\Database\BaseConnection->simpleQuery('INSERT INTO `ma...')
#3 C:\xampp\htdocs\list_belajar\system\Database\BaseBuilder.php(2249): CodeIgniter\Database\BaseConnection->query('INSERT INTO `ma...', Array, false)
#4 C:\xampp\htdocs\list_belajar\system\Model.php(755): CodeIgniter\Database\BaseBuilder->insert()
#5 C:\xampp\htdocs\list_belajar\app\Controllers\MateriBelajar.php(48): CodeIgniter\Model->insert(Array)
#6 C:\xampp\htdocs\list_belajar\system\CodeIgniter.php(918): App\Controllers\MateriBelajar->create()
#7 C:\xampp\htdocs\list_belajar\system\CodeIgniter.php(404): CodeIgniter\CodeIgniter->runController(Object(App\Controllers\MateriBelajar))
#8 C:\xampp\htdocs\list_belajar\system\CodeIgniter.php(312): CodeIgniter\CodeIgniter->handleRequest(NULL, Object(Config\Cache), false)
#9 C:\xampp\htdocs\list_belajar\public\index.php(45): CodeIgniter\CodeIgniter->run()
#10 C:\xampp\htdocs\list_belajar\system\Commands\Server\rewrite.php(34): require_once('C:\\xampp\\htdocs...')
#11 {main}
CRITICAL - 2021-04-08 04:04:24 --> Column 'nama_materi' cannot be null
#0 C:\xampp\htdocs\list_belajar\system\Database\MySQLi\Connection.php(331): mysqli->query('INSERT INTO `ma...')
#1 C:\xampp\htdocs\list_belajar\system\Database\BaseConnection.php(741): CodeIgniter\Database\MySQLi\Connection->execute('INSERT INTO `ma...')
#2 C:\xampp\htdocs\list_belajar\system\Database\BaseConnection.php(669): CodeIgniter\Database\BaseConnection->simpleQuery('INSERT INTO `ma...')
#3 C:\xampp\htdocs\list_belajar\system\Database\BaseBuilder.php(2249): CodeIgniter\Database\BaseConnection->query('INSERT INTO `ma...', Array, false)
#4 C:\xampp\htdocs\list_belajar\system\Model.php(755): CodeIgniter\Database\BaseBuilder->insert()
#5 C:\xampp\htdocs\list_belajar\app\Controllers\MateriBelajar.php(48): CodeIgniter\Model->insert(Array)
#6 C:\xampp\htdocs\list_belajar\system\CodeIgniter.php(918): App\Controllers\MateriBelajar->create()
#7 C:\xampp\htdocs\list_belajar\system\CodeIgniter.php(404): CodeIgniter\CodeIgniter->runController(Object(App\Controllers\MateriBelajar))
#8 C:\xampp\htdocs\list_belajar\system\CodeIgniter.php(312): CodeIgniter\CodeIgniter->handleRequest(NULL, Object(Config\Cache), false)
#9 C:\xampp\htdocs\list_belajar\public\index.php(45): CodeIgniter\CodeIgniter->run()
#10 C:\xampp\htdocs\list_belajar\system\Commands\Server\rewrite.php(34): require_once('C:\\xampp\\htdocs...')
#11 {main}
CRITICAL - 2021-04-08 04:05:10 --> Column 'nama_materi' cannot be null
#0 C:\xampp\htdocs\list_belajar\system\Database\MySQLi\Connection.php(331): mysqli->query('INSERT INTO `ma...')
#1 C:\xampp\htdocs\list_belajar\system\Database\BaseConnection.php(741): CodeIgniter\Database\MySQLi\Connection->execute('INSERT INTO `ma...')
#2 C:\xampp\htdocs\list_belajar\system\Database\BaseConnection.php(669): CodeIgniter\Database\BaseConnection->simpleQuery('INSERT INTO `ma...')
#3 C:\xampp\htdocs\list_belajar\system\Database\BaseBuilder.php(2249): CodeIgniter\Database\BaseConnection->query('INSERT INTO `ma...', Array, false)
#4 C:\xampp\htdocs\list_belajar\system\Model.php(755): CodeIgniter\Database\BaseBuilder->insert()
#5 C:\xampp\htdocs\list_belajar\app\Controllers\MateriBelajar.php(48): CodeIgniter\Model->insert(Array)
#6 C:\xampp\htdocs\list_belajar\system\CodeIgniter.php(918): App\Controllers\MateriBelajar->create()
#7 C:\xampp\htdocs\list_belajar\system\CodeIgniter.php(404): CodeIgniter\CodeIgniter->runController(Object(App\Controllers\MateriBelajar))
#8 C:\xampp\htdocs\list_belajar\system\CodeIgniter.php(312): CodeIgniter\CodeIgniter->handleRequest(NULL, Object(Config\Cache), false)
#9 C:\xampp\htdocs\list_belajar\public\index.php(45): CodeIgniter\CodeIgniter->run()
#10 C:\xampp\htdocs\list_belajar\system\Commands\Server\rewrite.php(34): require_once('C:\\xampp\\htdocs...')
#11 {main}
CRITICAL - 2021-04-08 04:05:20 --> Column 'nama_materi' cannot be null
#0 C:\xampp\htdocs\list_belajar\system\Database\MySQLi\Connection.php(331): mysqli->query('INSERT INTO `ma...')
#1 C:\xampp\htdocs\list_belajar\system\Database\BaseConnection.php(741): CodeIgniter\Database\MySQLi\Connection->execute('INSERT INTO `ma...')
#2 C:\xampp\htdocs\list_belajar\system\Database\BaseConnection.php(669): CodeIgniter\Database\BaseConnection->simpleQuery('INSERT INTO `ma...')
#3 C:\xampp\htdocs\list_belajar\system\Database\BaseBuilder.php(2249): CodeIgniter\Database\BaseConnection->query('INSERT INTO `ma...', Array, false)
#4 C:\xampp\htdocs\list_belajar\system\Model.php(755): CodeIgniter\Database\BaseBuilder->insert()
#5 C:\xampp\htdocs\list_belajar\app\Controllers\MateriBelajar.php(48): CodeIgniter\Model->insert(Array)
#6 C:\xampp\htdocs\list_belajar\system\CodeIgniter.php(918): App\Controllers\MateriBelajar->create()
#7 C:\xampp\htdocs\list_belajar\system\CodeIgniter.php(404): CodeIgniter\CodeIgniter->runController(Object(App\Controllers\MateriBelajar))
#8 C:\xampp\htdocs\list_belajar\system\CodeIgniter.php(312): CodeIgniter\CodeIgniter->handleRequest(NULL, Object(Config\Cache), false)
#9 C:\xampp\htdocs\list_belajar\public\index.php(45): CodeIgniter\CodeIgniter->run()
#10 C:\xampp\htdocs\list_belajar\system\Commands\Server\rewrite.php(34): require_once('C:\\xampp\\htdocs...')
#11 {main}
CRITICAL - 2021-04-08 05:15:42 --> Undefined index: id_tipe
#0 C:\xampp\htdocs\list_belajar\app\Controllers\MateriBelajar.php(51): CodeIgniter\Debug\Exceptions->errorHandler(8, 'Undefined index...', 'C:\\xampp\\htdocs...', 51, Array)
#1 C:\xampp\htdocs\list_belajar\system\CodeIgniter.php(918): App\Controllers\MateriBelajar->create()
#2 C:\xampp\htdocs\list_belajar\system\CodeIgniter.php(404): CodeIgniter\CodeIgniter->runController(Object(App\Controllers\MateriBelajar))
#3 C:\xampp\htdocs\list_belajar\system\CodeIgniter.php(312): CodeIgniter\CodeIgniter->handleRequest(NULL, Object(Config\Cache), false)
#4 C:\xampp\htdocs\list_belajar\public\index.php(45): CodeIgniter\CodeIgniter->run()
#5 C:\xampp\htdocs\list_belajar\system\Commands\Server\rewrite.php(34): require_once('C:\\xampp\\htdocs...')
#6 {main}
CRITICAL - 2021-04-08 09:15:01 --> Function name must be a string
#0 F:\XAMPP7\htdocs\mejakita_list_belajar\system\CodeIgniter.php(918): App\Controllers\PlaylistBelajar->update('1')
#1 F:\XAMPP7\htdocs\mejakita_list_belajar\system\CodeIgniter.php(404): CodeIgniter\CodeIgniter->runController(Object(App\Controllers\PlaylistBelajar))
#2 F:\XAMPP7\htdocs\mejakita_list_belajar\system\CodeIgniter.php(312): CodeIgniter\CodeIgniter->handleRequest(NULL, Object(Config\Cache), false)
#3 F:\XAMPP7\htdocs\mejakita_list_belajar\public\index.php(45): CodeIgniter\CodeIgniter->run()
#4 F:\XAMPP7\htdocs\mejakita_list_belajar\system\Commands\Server\rewrite.php(34): require_once('F:\\XAMPP7\\htdoc...')
#5 {main}
CRITICAL - 2021-04-08 09:33:41 --> Cannot redeclare App\Controllers\MateriBelajar::update()
#0 [internal function]: CodeIgniter\Debug\Exceptions->shutdownHandler()
#1 {main}
CRITICAL - 2021-04-08 10:04:21 --> Undefined index: id_playlist
#0 F:\XAMPP7\htdocs\mejakita_list_belajar\app\Controllers\MateriBelajar.php(86): CodeIgniter\Debug\Exceptions->errorHandler(8, 'Undefined index...', 'F:\\XAMPP7\\htdoc...', 86, Array)
#1 F:\XAMPP7\htdocs\mejakita_list_belajar\system\CodeIgniter.php(918): App\Controllers\MateriBelajar->update('2')
#2 F:\XAMPP7\htdocs\mejakita_list_belajar\system\CodeIgniter.php(404): CodeIgniter\CodeIgniter->runController(Object(App\Controllers\MateriBelajar))
#3 F:\XAMPP7\htdocs\mejakita_list_belajar\system\CodeIgniter.php(312): CodeIgniter\CodeIgniter->handleRequest(NULL, Object(Config\Cache), false)
#4 F:\XAMPP7\htdocs\mejakita_list_belajar\public\index.php(45): CodeIgniter\CodeIgniter->run()
#5 F:\XAMPP7\htdocs\mejakita_list_belajar\system\Commands\Server\rewrite.php(34): require_once('F:\\XAMPP7\\htdoc...')
#6 {main}
CRITICAL - 2021-04-08 10:04:22 --> Uncaught CodeIgniter\Format\Exceptions\FormatException: Failed to parse json string, error: "Malformed UTF-8 characters, possibly incorrectly encoded". in F:\XAMPP7\htdocs\mejakita_list_belajar\system\Format\Exceptions\FormatException.php:9
Stack trace:
#0 F:\XAMPP7\htdocs\mejakita_list_belajar\system\Format\JSONFormatter.php(71): CodeIgniter\Format\Exceptions\FormatException::forInvalidJSON('Malformed UTF-8...')
#1 F:\XAMPP7\htdocs\mejakita_list_belajar\system\API\ResponseTrait.php(414): CodeIgniter\Format\JSONFormatter->format(Array)
#2 F:\XAMPP7\htdocs\mejakita_list_belajar\system\API\ResponseTrait.php(134): CodeIgniter\Debug\Exceptions->format(Array)
#3 F:\XAMPP7\htdocs\mejakita_list_belajar\system\Debug\Exceptions.php(168): CodeIgniter\Debug\Exceptions->respond(Array, 500)
#4 [internal function]: CodeIgniter\Debug\Exceptions->exceptionHandler(Object(ErrorException))
#5 {main}
  thrown
#0 [internal function]: CodeIgniter\Debug\Exceptions->shutdownHandler()
#1 {main}
CRITICAL - 2021-04-08 10:10:14 --> Undefined index: id_playlist
#0 F:\XAMPP7\htdocs\mejakita_list_belajar\app\Controllers\MateriBelajar.php(86): CodeIgniter\Debug\Exceptions->errorHandler(8, 'Undefined index...', 'F:\\XAMPP7\\htdoc...', 86, Array)
#1 F:\XAMPP7\htdocs\mejakita_list_belajar\system\CodeIgniter.php(918): App\Controllers\MateriBelajar->update('2')
#2 F:\XAMPP7\htdocs\mejakita_list_belajar\system\CodeIgniter.php(404): CodeIgniter\CodeIgniter->runController(Object(App\Controllers\MateriBelajar))
#3 F:\XAMPP7\htdocs\mejakita_list_belajar\system\CodeIgniter.php(312): CodeIgniter\CodeIgniter->handleRequest(NULL, Object(Config\Cache), false)
#4 F:\XAMPP7\htdocs\mejakita_list_belajar\public\index.php(45): CodeIgniter\CodeIgniter->run()
#5 F:\XAMPP7\htdocs\mejakita_list_belajar\system\Commands\Server\rewrite.php(34): require_once('F:\\XAMPP7\\htdoc...')
#6 {main}
CRITICAL - 2021-04-08 10:10:14 --> Uncaught CodeIgniter\Format\Exceptions\FormatException: Failed to parse json string, error: "Malformed UTF-8 characters, possibly incorrectly encoded". in F:\XAMPP7\htdocs\mejakita_list_belajar\system\Format\Exceptions\FormatException.php:9
Stack trace:
#0 F:\XAMPP7\htdocs\mejakita_list_belajar\system\Format\JSONFormatter.php(71): CodeIgniter\Format\Exceptions\FormatException::forInvalidJSON('Malformed UTF-8...')
#1 F:\XAMPP7\htdocs\mejakita_list_belajar\system\API\ResponseTrait.php(414): CodeIgniter\Format\JSONFormatter->format(Array)
#2 F:\XAMPP7\htdocs\mejakita_list_belajar\system\API\ResponseTrait.php(134): CodeIgniter\Debug\Exceptions->format(Array)
#3 F:\XAMPP7\htdocs\mejakita_list_belajar\system\Debug\Exceptions.php(168): CodeIgniter\Debug\Exceptions->respond(Array, 500)
#4 [internal function]: CodeIgniter\Debug\Exceptions->exceptionHandler(Object(ErrorException))
#5 {main}
  thrown
#0 [internal function]: CodeIgniter\Debug\Exceptions->shutdownHandler()
#1 {main}
CRITICAL - 2021-04-08 10:10:38 --> Undefined index: id_playlist
#0 F:\XAMPP7\htdocs\mejakita_list_belajar\app\Controllers\MateriBelajar.php(86): CodeIgniter\Debug\Exceptions->errorHandler(8, 'Undefined index...', 'F:\\XAMPP7\\htdoc...', 86, Array)
#1 F:\XAMPP7\htdocs\mejakita_list_belajar\system\CodeIgniter.php(918): App\Controllers\MateriBelajar->update('2')
#2 F:\XAMPP7\htdocs\mejakita_list_belajar\system\CodeIgniter.php(404): CodeIgniter\CodeIgniter->runController(Object(App\Controllers\MateriBelajar))
#3 F:\XAMPP7\htdocs\mejakita_list_belajar\system\CodeIgniter.php(312): CodeIgniter\CodeIgniter->handleRequest(NULL, Object(Config\Cache), false)
#4 F:\XAMPP7\htdocs\mejakita_list_belajar\public\index.php(45): CodeIgniter\CodeIgniter->run()
#5 F:\XAMPP7\htdocs\mejakita_list_belajar\system\Commands\Server\rewrite.php(34): require_once('F:\\XAMPP7\\htdoc...')
#6 {main}
CRITICAL - 2021-04-08 10:10:38 --> Uncaught CodeIgniter\Format\Exceptions\FormatException: Failed to parse json string, error: "Malformed UTF-8 characters, possibly incorrectly encoded". in F:\XAMPP7\htdocs\mejakita_list_belajar\system\Format\Exceptions\FormatException.php:9
Stack trace:
#0 F:\XAMPP7\htdocs\mejakita_list_belajar\system\Format\JSONFormatter.php(71): CodeIgniter\Format\Exceptions\FormatException::forInvalidJSON('Malformed UTF-8...')
#1 F:\XAMPP7\htdocs\mejakita_list_belajar\system\API\ResponseTrait.php(414): CodeIgniter\Format\JSONFormatter->format(Array)
#2 F:\XAMPP7\htdocs\mejakita_list_belajar\system\API\ResponseTrait.php(134): CodeIgniter\Debug\Exceptions->format(Array)
#3 F:\XAMPP7\htdocs\mejakita_list_belajar\system\Debug\Exceptions.php(168): CodeIgniter\Debug\Exceptions->respond(Array, 500)
#4 [internal function]: CodeIgniter\Debug\Exceptions->exceptionHandler(Object(ErrorException))
#5 {main}
  thrown
#0 [internal function]: CodeIgniter\Debug\Exceptions->shutdownHandler()
#1 {main}
CRITICAL - 2021-04-08 10:12:24 --> Undefined index: id_playlist
#0 F:\XAMPP7\htdocs\mejakita_list_belajar\app\Controllers\MateriBelajar.php(86): CodeIgniter\Debug\Exceptions->errorHandler(8, 'Undefined index...', 'F:\\XAMPP7\\htdoc...', 86, Array)
#1 F:\XAMPP7\htdocs\mejakita_list_belajar\system\CodeIgniter.php(918): App\Controllers\MateriBelajar->update('2')
#2 F:\XAMPP7\htdocs\mejakita_list_belajar\system\CodeIgniter.php(404): CodeIgniter\CodeIgniter->runController(Object(App\Controllers\MateriBelajar))
#3 F:\XAMPP7\htdocs\mejakita_list_belajar\system\CodeIgniter.php(312): CodeIgniter\CodeIgniter->handleRequest(NULL, Object(Config\Cache), false)
#4 F:\XAMPP7\htdocs\mejakita_list_belajar\public\index.php(45): CodeIgniter\CodeIgniter->run()
#5 F:\XAMPP7\htdocs\mejakita_list_belajar\system\Commands\Server\rewrite.php(34): require_once('F:\\XAMPP7\\htdoc...')
#6 {main}
CRITICAL - 2021-04-08 10:12:24 --> Uncaught CodeIgniter\Format\Exceptions\FormatException: Failed to parse json string, error: "Malformed UTF-8 characters, possibly incorrectly encoded". in F:\XAMPP7\htdocs\mejakita_list_belajar\system\Format\Exceptions\FormatException.php:9
Stack trace:
#0 F:\XAMPP7\htdocs\mejakita_list_belajar\system\Format\JSONFormatter.php(71): CodeIgniter\Format\Exceptions\FormatException::forInvalidJSON('Malformed UTF-8...')
#1 F:\XAMPP7\htdocs\mejakita_list_belajar\system\API\ResponseTrait.php(414): CodeIgniter\Format\JSONFormatter->format(Array)
#2 F:\XAMPP7\htdocs\mejakita_list_belajar\system\API\ResponseTrait.php(134): CodeIgniter\Debug\Exceptions->format(Array)
#3 F:\XAMPP7\htdocs\mejakita_list_belajar\system\Debug\Exceptions.php(168): CodeIgniter\Debug\Exceptions->respond(Array, 500)
#4 [internal function]: CodeIgniter\Debug\Exceptions->exceptionHandler(Object(ErrorException))
#5 {main}
  thrown
#0 [internal function]: CodeIgniter\Debug\Exceptions->shutdownHandler()
#1 {main}
CRITICAL - 2021-04-08 10:13:06 --> Call to a member function isValid() on null
#0 F:\XAMPP7\htdocs\mejakita_list_belajar\system\CodeIgniter.php(918): App\Controllers\MateriBelajar->update('2')
#1 F:\XAMPP7\htdocs\mejakita_list_belajar\system\CodeIgniter.php(404): CodeIgniter\CodeIgniter->runController(Object(App\Controllers\MateriBelajar))
#2 F:\XAMPP7\htdocs\mejakita_list_belajar\system\CodeIgniter.php(312): CodeIgniter\CodeIgniter->handleRequest(NULL, Object(Config\Cache), false)
#3 F:\XAMPP7\htdocs\mejakita_list_belajar\public\index.php(45): CodeIgniter\CodeIgniter->run()
#4 F:\XAMPP7\htdocs\mejakita_list_belajar\system\Commands\Server\rewrite.php(34): require_once('F:\\XAMPP7\\htdoc...')
#5 {main}
CRITICAL - 2021-04-08 10:13:40 --> Call to a member function isValid() on null
#0 F:\XAMPP7\htdocs\mejakita_list_belajar\system\CodeIgniter.php(918): App\Controllers\MateriBelajar->update('2')
#1 F:\XAMPP7\htdocs\mejakita_list_belajar\system\CodeIgniter.php(404): CodeIgniter\CodeIgniter->runController(Object(App\Controllers\MateriBelajar))
#2 F:\XAMPP7\htdocs\mejakita_list_belajar\system\CodeIgniter.php(312): CodeIgniter\CodeIgniter->handleRequest(NULL, Object(Config\Cache), false)
#3 F:\XAMPP7\htdocs\mejakita_list_belajar\public\index.php(45): CodeIgniter\CodeIgniter->run()
#4 F:\XAMPP7\htdocs\mejakita_list_belajar\system\Commands\Server\rewrite.php(34): require_once('F:\\XAMPP7\\htdoc...')
#5 {main}
CRITICAL - 2021-04-08 10:16:10 --> Undefined variable: data
#0 F:\XAMPP7\htdocs\mejakita_list_belajar\app\Controllers\MateriBelajar.php(113): CodeIgniter\Debug\Exceptions->errorHandler(8, 'Undefined varia...', 'F:\\XAMPP7\\htdoc...', 113, Array)
#1 F:\XAMPP7\htdocs\mejakita_list_belajar\system\CodeIgniter.php(918): App\Controllers\MateriBelajar->update('2')
#2 F:\XAMPP7\htdocs\mejakita_list_belajar\system\CodeIgniter.php(404): CodeIgniter\CodeIgniter->runController(Object(App\Controllers\MateriBelajar))
#3 F:\XAMPP7\htdocs\mejakita_list_belajar\system\CodeIgniter.php(312): CodeIgniter\CodeIgniter->handleRequest(NULL, Object(Config\Cache), false)
#4 F:\XAMPP7\htdocs\mejakita_list_belajar\public\index.php(45): CodeIgniter\CodeIgniter->run()
#5 F:\XAMPP7\htdocs\mejakita_list_belajar\system\Commands\Server\rewrite.php(34): require_once('F:\\XAMPP7\\htdoc...')
#6 {main}
CRITICAL - 2021-04-08 10:16:10 --> Uncaught CodeIgniter\Format\Exceptions\FormatException: Failed to parse json string, error: "Malformed UTF-8 characters, possibly incorrectly encoded". in F:\XAMPP7\htdocs\mejakita_list_belajar\system\Format\Exceptions\FormatException.php:9
Stack trace:
#0 F:\XAMPP7\htdocs\mejakita_list_belajar\system\Format\JSONFormatter.php(71): CodeIgniter\Format\Exceptions\FormatException::forInvalidJSON('Malformed UTF-8...')
#1 F:\XAMPP7\htdocs\mejakita_list_belajar\system\API\ResponseTrait.php(414): CodeIgniter\Format\JSONFormatter->format(Array)
#2 F:\XAMPP7\htdocs\mejakita_list_belajar\system\API\ResponseTrait.php(134): CodeIgniter\Debug\Exceptions->format(Array)
#3 F:\XAMPP7\htdocs\mejakita_list_belajar\system\Debug\Exceptions.php(168): CodeIgniter\Debug\Exceptions->respond(Array, 500)
#4 [internal function]: CodeIgniter\Debug\Exceptions->exceptionHandler(Object(ErrorException))
#5 {main}
  thrown
#0 [internal function]: CodeIgniter\Debug\Exceptions->shutdownHandler()
#1 {main}
CRITICAL - 2021-04-08 10:16:31 --> Undefined variable: data
#0 F:\XAMPP7\htdocs\mejakita_list_belajar\app\Controllers\MateriBelajar.php(114): CodeIgniter\Debug\Exceptions->errorHandler(8, 'Undefined varia...', 'F:\\XAMPP7\\htdoc...', 114, Array)
#1 F:\XAMPP7\htdocs\mejakita_list_belajar\system\CodeIgniter.php(918): App\Controllers\MateriBelajar->update('2')
#2 F:\XAMPP7\htdocs\mejakita_list_belajar\system\CodeIgniter.php(404): CodeIgniter\CodeIgniter->runController(Object(App\Controllers\MateriBelajar))
#3 F:\XAMPP7\htdocs\mejakita_list_belajar\system\CodeIgniter.php(312): CodeIgniter\CodeIgniter->handleRequest(NULL, Object(Config\Cache), false)
#4 F:\XAMPP7\htdocs\mejakita_list_belajar\public\index.php(45): CodeIgniter\CodeIgniter->run()
#5 F:\XAMPP7\htdocs\mejakita_list_belajar\system\Commands\Server\rewrite.php(34): require_once('F:\\XAMPP7\\htdoc...')
#6 {main}
CRITICAL - 2021-04-08 10:16:31 --> Uncaught CodeIgniter\Format\Exceptions\FormatException: Failed to parse json string, error: "Malformed UTF-8 characters, possibly incorrectly encoded". in F:\XAMPP7\htdocs\mejakita_list_belajar\system\Format\Exceptions\FormatException.php:9
Stack trace:
#0 F:\XAMPP7\htdocs\mejakita_list_belajar\system\Format\JSONFormatter.php(71): CodeIgniter\Format\Exceptions\FormatException::forInvalidJSON('Malformed UTF-8...')
#1 F:\XAMPP7\htdocs\mejakita_list_belajar\system\API\ResponseTrait.php(414): CodeIgniter\Format\JSONFormatter->format(Array)
#2 F:\XAMPP7\htdocs\mejakita_list_belajar\system\API\ResponseTrait.php(134): CodeIgniter\Debug\Exceptions->format(Array)
#3 F:\XAMPP7\htdocs\mejakita_list_belajar\system\Debug\Exceptions.php(168): CodeIgniter\Debug\Exceptions->respond(Array, 500)
#4 [internal function]: CodeIgniter\Debug\Exceptions->exceptionHandler(Object(ErrorException))
#5 {main}
  thrown
#0 [internal function]: CodeIgniter\Debug\Exceptions->shutdownHandler()
#1 {main}
CRITICAL - 2021-04-08 10:17:30 --> Undefined index: id_playlist
#0 F:\XAMPP7\htdocs\mejakita_list_belajar\app\Controllers\MateriBelajar.php(86): CodeIgniter\Debug\Exceptions->errorHandler(8, 'Undefined index...', 'F:\\XAMPP7\\htdoc...', 86, Array)
#1 F:\XAMPP7\htdocs\mejakita_list_belajar\system\CodeIgniter.php(918): App\Controllers\MateriBelajar->update('2')
#2 F:\XAMPP7\htdocs\mejakita_list_belajar\system\CodeIgniter.php(404): CodeIgniter\CodeIgniter->runController(Object(App\Controllers\MateriBelajar))
#3 F:\XAMPP7\htdocs\mejakita_list_belajar\system\CodeIgniter.php(312): CodeIgniter\CodeIgniter->handleRequest(NULL, Object(Config\Cache), false)
#4 F:\XAMPP7\htdocs\mejakita_list_belajar\public\index.php(45): CodeIgniter\CodeIgniter->run()
#5 F:\XAMPP7\htdocs\mejakita_list_belajar\system\Commands\Server\rewrite.php(34): require_once('F:\\XAMPP7\\htdoc...')
#6 {main}
CRITICAL - 2021-04-08 10:17:30 --> Uncaught CodeIgniter\Format\Exceptions\FormatException: Failed to parse json string, error: "Malformed UTF-8 characters, possibly incorrectly encoded". in F:\XAMPP7\htdocs\mejakita_list_belajar\system\Format\Exceptions\FormatException.php:9
Stack trace:
#0 F:\XAMPP7\htdocs\mejakita_list_belajar\system\Format\JSONFormatter.php(71): CodeIgniter\Format\Exceptions\FormatException::forInvalidJSON('Malformed UTF-8...')
#1 F:\XAMPP7\htdocs\mejakita_list_belajar\system\API\ResponseTrait.php(414): CodeIgniter\Format\JSONFormatter->format(Array)
#2 F:\XAMPP7\htdocs\mejakita_list_belajar\system\API\ResponseTrait.php(134): CodeIgniter\Debug\Exceptions->format(Array)
#3 F:\XAMPP7\htdocs\mejakita_list_belajar\system\Debug\Exceptions.php(168): CodeIgniter\Debug\Exceptions->respond(Array, 500)
#4 [internal function]: CodeIgniter\Debug\Exceptions->exceptionHandler(Object(ErrorException))
#5 {main}
  thrown
#0 [internal function]: CodeIgniter\Debug\Exceptions->shutdownHandler()
#1 {main}
CRITICAL - 2021-04-08 10:17:35 --> Undefined index: id_playlist
#0 F:\XAMPP7\htdocs\mejakita_list_belajar\app\Controllers\MateriBelajar.php(86): CodeIgniter\Debug\Exceptions->errorHandler(8, 'Undefined index...', 'F:\\XAMPP7\\htdoc...', 86, Array)
#1 F:\XAMPP7\htdocs\mejakita_list_belajar\system\CodeIgniter.php(918): App\Controllers\MateriBelajar->update('2')
#2 F:\XAMPP7\htdocs\mejakita_list_belajar\system\CodeIgniter.php(404): CodeIgniter\CodeIgniter->runController(Object(App\Controllers\MateriBelajar))
#3 F:\XAMPP7\htdocs\mejakita_list_belajar\system\CodeIgniter.php(312): CodeIgniter\CodeIgniter->handleRequest(NULL, Object(Config\Cache), false)
#4 F:\XAMPP7\htdocs\mejakita_list_belajar\public\index.php(45): CodeIgniter\CodeIgniter->run()
#5 F:\XAMPP7\htdocs\mejakita_list_belajar\system\Commands\Server\rewrite.php(34): require_once('F:\\XAMPP7\\htdoc...')
#6 {main}
CRITICAL - 2021-04-08 10:22:27 --> Undefined index: id_playlist
#0 F:\XAMPP7\htdocs\mejakita_list_belajar\app\Controllers\MateriBelajar.php(86): CodeIgniter\Debug\Exceptions->errorHandler(8, 'Undefined index...', 'F:\\XAMPP7\\htdoc...', 86, Array)
#1 F:\XAMPP7\htdocs\mejakita_list_belajar\system\CodeIgniter.php(918): App\Controllers\MateriBelajar->update('2')
#2 F:\XAMPP7\htdocs\mejakita_list_belajar\system\CodeIgniter.php(404): CodeIgniter\CodeIgniter->runController(Object(App\Controllers\MateriBelajar))
#3 F:\XAMPP7\htdocs\mejakita_list_belajar\system\CodeIgniter.php(312): CodeIgniter\CodeIgniter->handleRequest(NULL, Object(Config\Cache), false)
#4 F:\XAMPP7\htdocs\mejakita_list_belajar\public\index.php(45): CodeIgniter\CodeIgniter->run()
#5 F:\XAMPP7\htdocs\mejakita_list_belajar\system\Commands\Server\rewrite.php(34): require_once('F:\\XAMPP7\\htdoc...')
#6 {main}
CRITICAL - 2021-04-08 10:25:19 --> Undefined index: id_playlist
#0 F:\XAMPP7\htdocs\mejakita_list_belajar\app\Controllers\MateriBelajar.php(86): CodeIgniter\Debug\Exceptions->errorHandler(8, 'Undefined index...', 'F:\\XAMPP7\\htdoc...', 86, Array)
#1 F:\XAMPP7\htdocs\mejakita_list_belajar\system\CodeIgniter.php(918): App\Controllers\MateriBelajar->update('2')
#2 F:\XAMPP7\htdocs\mejakita_list_belajar\system\CodeIgniter.php(404): CodeIgniter\CodeIgniter->runController(Object(App\Controllers\MateriBelajar))
#3 F:\XAMPP7\htdocs\mejakita_list_belajar\system\CodeIgniter.php(312): CodeIgniter\CodeIgniter->handleRequest(NULL, Object(Config\Cache), false)
#4 F:\XAMPP7\htdocs\mejakita_list_belajar\public\index.php(45): CodeIgniter\CodeIgniter->run()
#5 F:\XAMPP7\htdocs\mejakita_list_belajar\system\Commands\Server\rewrite.php(34): require_once('F:\\XAMPP7\\htdoc...')
#6 {main}
CRITICAL - 2021-04-08 10:25:19 --> Uncaught CodeIgniter\Format\Exceptions\FormatException: Failed to parse json string, error: "Malformed UTF-8 characters, possibly incorrectly encoded". in F:\XAMPP7\htdocs\mejakita_list_belajar\system\Format\Exceptions\FormatException.php:9
Stack trace:
#0 F:\XAMPP7\htdocs\mejakita_list_belajar\system\Format\JSONFormatter.php(71): CodeIgniter\Format\Exceptions\FormatException::forInvalidJSON('Malformed UTF-8...')
#1 F:\XAMPP7\htdocs\mejakita_list_belajar\system\API\ResponseTrait.php(414): CodeIgniter\Format\JSONFormatter->format(Array)
#2 F:\XAMPP7\htdocs\mejakita_list_belajar\system\API\ResponseTrait.php(134): CodeIgniter\Debug\Exceptions->format(Array)
#3 F:\XAMPP7\htdocs\mejakita_list_belajar\system\Debug\Exceptions.php(168): CodeIgniter\Debug\Exceptions->respond(Array, 500)
#4 [internal function]: CodeIgniter\Debug\Exceptions->exceptionHandler(Object(ErrorException))
#5 {main}
  thrown
#0 [internal function]: CodeIgniter\Debug\Exceptions->shutdownHandler()
#1 {main}
CRITICAL - 2021-04-08 10:27:00 --> Undefined index: id_playlist
#0 F:\XAMPP7\htdocs\mejakita_list_belajar\app\Controllers\MateriBelajar.php(86): CodeIgniter\Debug\Exceptions->errorHandler(8, 'Undefined index...', 'F:\\XAMPP7\\htdoc...', 86, Array)
#1 F:\XAMPP7\htdocs\mejakita_list_belajar\system\CodeIgniter.php(918): App\Controllers\MateriBelajar->update('2')
#2 F:\XAMPP7\htdocs\mejakita_list_belajar\system\CodeIgniter.php(404): CodeIgniter\CodeIgniter->runController(Object(App\Controllers\MateriBelajar))
#3 F:\XAMPP7\htdocs\mejakita_list_belajar\system\CodeIgniter.php(312): CodeIgniter\CodeIgniter->handleRequest(NULL, Object(Config\Cache), false)
#4 F:\XAMPP7\htdocs\mejakita_list_belajar\public\index.php(45): CodeIgniter\CodeIgniter->run()
#5 F:\XAMPP7\htdocs\mejakita_list_belajar\system\Commands\Server\rewrite.php(34): require_once('F:\\XAMPP7\\htdoc...')
#6 {main}
CRITICAL - 2021-04-08 10:27:00 --> Uncaught CodeIgniter\Format\Exceptions\FormatException: Failed to parse json string, error: "Malformed UTF-8 characters, possibly incorrectly encoded". in F:\XAMPP7\htdocs\mejakita_list_belajar\system\Format\Exceptions\FormatException.php:9
Stack trace:
#0 F:\XAMPP7\htdocs\mejakita_list_belajar\system\Format\JSONFormatter.php(71): CodeIgniter\Format\Exceptions\FormatException::forInvalidJSON('Malformed UTF-8...')
#1 F:\XAMPP7\htdocs\mejakita_list_belajar\system\API\ResponseTrait.php(414): CodeIgniter\Format\JSONFormatter->format(Array)
#2 F:\XAMPP7\htdocs\mejakita_list_belajar\system\API\ResponseTrait.php(134): CodeIgniter\Debug\Exceptions->format(Array)
#3 F:\XAMPP7\htdocs\mejakita_list_belajar\system\Debug\Exceptions.php(168): CodeIgniter\Debug\Exceptions->respond(Array, 500)
#4 [internal function]: CodeIgniter\Debug\Exceptions->exceptionHandler(Object(ErrorException))
#5 {main}
  thrown
#0 [internal function]: CodeIgniter\Debug\Exceptions->shutdownHandler()
#1 {main}
CRITICAL - 2021-04-08 10:27:12 --> Undefined index: id_playlist
#0 F:\XAMPP7\htdocs\mejakita_list_belajar\app\Controllers\MateriBelajar.php(86): CodeIgniter\Debug\Exceptions->errorHandler(8, 'Undefined index...', 'F:\\XAMPP7\\htdoc...', 86, Array)
#1 F:\XAMPP7\htdocs\mejakita_list_belajar\system\CodeIgniter.php(918): App\Controllers\MateriBelajar->update('2')
#2 F:\XAMPP7\htdocs\mejakita_list_belajar\system\CodeIgniter.php(404): CodeIgniter\CodeIgniter->runController(Object(App\Controllers\MateriBelajar))
#3 F:\XAMPP7\htdocs\mejakita_list_belajar\system\CodeIgniter.php(312): CodeIgniter\CodeIgniter->handleRequest(NULL, Object(Config\Cache), false)
#4 F:\XAMPP7\htdocs\mejakita_list_belajar\public\index.php(45): CodeIgniter\CodeIgniter->run()
#5 F:\XAMPP7\htdocs\mejakita_list_belajar\system\Commands\Server\rewrite.php(34): require_once('F:\\XAMPP7\\htdoc...')
#6 {main}
CRITICAL - 2021-04-08 10:30:12 --> Undefined index: id_playlist
#0 F:\XAMPP7\htdocs\mejakita_list_belajar\app\Controllers\MateriBelajar.php(86): CodeIgniter\Debug\Exceptions->errorHandler(8, 'Undefined index...', 'F:\\XAMPP7\\htdoc...', 86, Array)
#1 F:\XAMPP7\htdocs\mejakita_list_belajar\system\CodeIgniter.php(918): App\Controllers\MateriBelajar->update('2')
#2 F:\XAMPP7\htdocs\mejakita_list_belajar\system\CodeIgniter.php(404): CodeIgniter\CodeIgniter->runController(Object(App\Controllers\MateriBelajar))
#3 F:\XAMPP7\htdocs\mejakita_list_belajar\system\CodeIgniter.php(312): CodeIgniter\CodeIgniter->handleRequest(NULL, Object(Config\Cache), false)
#4 F:\XAMPP7\htdocs\mejakita_list_belajar\public\index.php(45): CodeIgniter\CodeIgniter->run()
#5 F:\XAMPP7\htdocs\mejakita_list_belajar\system\Commands\Server\rewrite.php(34): require_once('F:\\XAMPP7\\htdoc...')
#6 {main}
CRITICAL - 2021-04-08 10:30:19 --> Undefined index: id_playlist
#0 F:\XAMPP7\htdocs\mejakita_list_belajar\app\Controllers\MateriBelajar.php(86): CodeIgniter\Debug\Exceptions->errorHandler(8, 'Undefined index...', 'F:\\XAMPP7\\htdoc...', 86, Array)
#1 F:\XAMPP7\htdocs\mejakita_list_belajar\system\CodeIgniter.php(918): App\Controllers\MateriBelajar->update('2')
#2 F:\XAMPP7\htdocs\mejakita_list_belajar\system\CodeIgniter.php(404): CodeIgniter\CodeIgniter->runController(Object(App\Controllers\MateriBelajar))
#3 F:\XAMPP7\htdocs\mejakita_list_belajar\system\CodeIgniter.php(312): CodeIgniter\CodeIgniter->handleRequest(NULL, Object(Config\Cache), false)
#4 F:\XAMPP7\htdocs\mejakita_list_belajar\public\index.php(45): CodeIgniter\CodeIgniter->run()
#5 F:\XAMPP7\htdocs\mejakita_list_belajar\system\Commands\Server\rewrite.php(34): require_once('F:\\XAMPP7\\htdoc...')
#6 {main}
CRITICAL - 2021-04-08 10:30:49 --> Undefined index: id_playlist
#0 F:\XAMPP7\htdocs\mejakita_list_belajar\app\Controllers\MateriBelajar.php(86): CodeIgniter\Debug\Exceptions->errorHandler(8, 'Undefined index...', 'F:\\XAMPP7\\htdoc...', 86, Array)
#1 F:\XAMPP7\htdocs\mejakita_list_belajar\system\CodeIgniter.php(918): App\Controllers\MateriBelajar->update('2')
#2 F:\XAMPP7\htdocs\mejakita_list_belajar\system\CodeIgniter.php(404): CodeIgniter\CodeIgniter->runController(Object(App\Controllers\MateriBelajar))
#3 F:\XAMPP7\htdocs\mejakita_list_belajar\system\CodeIgniter.php(312): CodeIgniter\CodeIgniter->handleRequest(NULL, Object(Config\Cache), false)
#4 F:\XAMPP7\htdocs\mejakita_list_belajar\public\index.php(45): CodeIgniter\CodeIgniter->run()
#5 F:\XAMPP7\htdocs\mejakita_list_belajar\system\Commands\Server\rewrite.php(34): require_once('F:\\XAMPP7\\htdoc...')
#6 {main}
CRITICAL - 2021-04-08 10:32:25 --> Undefined index: id_playlist
#0 F:\XAMPP7\htdocs\mejakita_list_belajar\app\Controllers\MateriBelajar.php(86): CodeIgniter\Debug\Exceptions->errorHandler(8, 'Undefined index...', 'F:\\XAMPP7\\htdoc...', 86, Array)
#1 F:\XAMPP7\htdocs\mejakita_list_belajar\system\CodeIgniter.php(918): App\Controllers\MateriBelajar->update('2')
#2 F:\XAMPP7\htdocs\mejakita_list_belajar\system\CodeIgniter.php(404): CodeIgniter\CodeIgniter->runController(Object(App\Controllers\MateriBelajar))
#3 F:\XAMPP7\htdocs\mejakita_list_belajar\system\CodeIgniter.php(312): CodeIgniter\CodeIgniter->handleRequest(NULL, Object(Config\Cache), false)
#4 F:\XAMPP7\htdocs\mejakita_list_belajar\public\index.php(45): CodeIgniter\CodeIgniter->run()
#5 F:\XAMPP7\htdocs\mejakita_list_belajar\system\Commands\Server\rewrite.php(34): require_once('F:\\XAMPP7\\htdoc...')
#6 {main}
CRITICAL - 2021-04-08 10:32:33 --> There is no data to update.
#0 F:\XAMPP7\htdocs\mejakita_list_belajar\system\Model.php(834): CodeIgniter\Database\Exceptions\DataException::forEmptyDataset('update')
#1 F:\XAMPP7\htdocs\mejakita_list_belajar\app\Controllers\MateriBelajar.php(91): CodeIgniter\Model->update(Array, NULL)
#2 F:\XAMPP7\htdocs\mejakita_list_belajar\system\CodeIgniter.php(918): App\Controllers\MateriBelajar->update('2')
#3 F:\XAMPP7\htdocs\mejakita_list_belajar\system\CodeIgniter.php(404): CodeIgniter\CodeIgniter->runController(Object(App\Controllers\MateriBelajar))
#4 F:\XAMPP7\htdocs\mejakita_list_belajar\system\CodeIgniter.php(312): CodeIgniter\CodeIgniter->handleRequest(NULL, Object(Config\Cache), false)
#5 F:\XAMPP7\htdocs\mejakita_list_belajar\public\index.php(45): CodeIgniter\CodeIgniter->run()
#6 F:\XAMPP7\htdocs\mejakita_list_belajar\system\Commands\Server\rewrite.php(34): require_once('F:\\XAMPP7\\htdoc...')
#7 {main}
CRITICAL - 2021-04-08 10:35:42 --> Undefined index: id_playlist
#0 F:\XAMPP7\htdocs\mejakita_list_belajar\app\Controllers\MateriBelajar.php(94): CodeIgniter\Debug\Exceptions->errorHandler(8, 'Undefined index...', 'F:\\XAMPP7\\htdoc...', 94, Array)
#1 F:\XAMPP7\htdocs\mejakita_list_belajar\system\CodeIgniter.php(918): App\Controllers\MateriBelajar->update('2')
#2 F:\XAMPP7\htdocs\mejakita_list_belajar\system\CodeIgniter.php(404): CodeIgniter\CodeIgniter->runController(Object(App\Controllers\MateriBelajar))
#3 F:\XAMPP7\htdocs\mejakita_list_belajar\system\CodeIgniter.php(312): CodeIgniter\CodeIgniter->handleRequest(NULL, Object(Config\Cache), false)
#4 F:\XAMPP7\htdocs\mejakita_list_belajar\public\index.php(45): CodeIgniter\CodeIgniter->run()
#5 F:\XAMPP7\htdocs\mejakita_list_belajar\system\Commands\Server\rewrite.php(34): require_once('F:\\XAMPP7\\htdoc...')
#6 {main}
CRITICAL - 2021-04-08 10:37:41 --> Trying to get property 'id_playlist' of non-object
#0 F:\XAMPP7\htdocs\mejakita_list_belajar\app\Controllers\MateriBelajar.php(88): CodeIgniter\Debug\Exceptions->errorHandler(8, 'Trying to get p...', 'F:\\XAMPP7\\htdoc...', 88, Array)
#1 F:\XAMPP7\htdocs\mejakita_list_belajar\system\CodeIgniter.php(918): App\Controllers\MateriBelajar->update('2')
#2 F:\XAMPP7\htdocs\mejakita_list_belajar\system\CodeIgniter.php(404): CodeIgniter\CodeIgniter->runController(Object(App\Controllers\MateriBelajar))
#3 F:\XAMPP7\htdocs\mejakita_list_belajar\system\CodeIgniter.php(312): CodeIgniter\CodeIgniter->handleRequest(NULL, Object(Config\Cache), false)
#4 F:\XAMPP7\htdocs\mejakita_list_belajar\public\index.php(45): CodeIgniter\CodeIgniter->run()
#5 F:\XAMPP7\htdocs\mejakita_list_belajar\system\Commands\Server\rewrite.php(34): require_once('F:\\XAMPP7\\htdoc...')
#6 {main}
CRITICAL - 2021-04-08 10:39:25 --> Undefined index: id_playlist
#0 F:\XAMPP7\htdocs\mejakita_list_belajar\app\Controllers\MateriBelajar.php(87): CodeIgniter\Debug\Exceptions->errorHandler(8, 'Undefined index...', 'F:\\XAMPP7\\htdoc...', 87, Array)
#1 F:\XAMPP7\htdocs\mejakita_list_belajar\system\CodeIgniter.php(918): App\Controllers\MateriBelajar->update('2')
#2 F:\XAMPP7\htdocs\mejakita_list_belajar\system\CodeIgniter.php(404): CodeIgniter\CodeIgniter->runController(Object(App\Controllers\MateriBelajar))
#3 F:\XAMPP7\htdocs\mejakita_list_belajar\system\CodeIgniter.php(312): CodeIgniter\CodeIgniter->handleRequest(NULL, Object(Config\Cache), false)
#4 F:\XAMPP7\htdocs\mejakita_list_belajar\public\index.php(45): CodeIgniter\CodeIgniter->run()
#5 F:\XAMPP7\htdocs\mejakita_list_belajar\system\Commands\Server\rewrite.php(34): require_once('F:\\XAMPP7\\htdoc...')
#6 {main}
CRITICAL - 2021-04-08 10:42:24 --> Undefined index: id_playlist
#0 F:\XAMPP7\htdocs\mejakita_list_belajar\app\Controllers\MateriBelajar.php(87): CodeIgniter\Debug\Exceptions->errorHandler(8, 'Undefined index...', 'F:\\XAMPP7\\htdoc...', 87, Array)
#1 F:\XAMPP7\htdocs\mejakita_list_belajar\system\CodeIgniter.php(918): App\Controllers\MateriBelajar->update('2')
#2 F:\XAMPP7\htdocs\mejakita_list_belajar\system\CodeIgniter.php(404): CodeIgniter\CodeIgniter->runController(Object(App\Controllers\MateriBelajar))
#3 F:\XAMPP7\htdocs\mejakita_list_belajar\system\CodeIgniter.php(312): CodeIgniter\CodeIgniter->handleRequest(NULL, Object(Config\Cache), false)
#4 F:\XAMPP7\htdocs\mejakita_list_belajar\public\index.php(45): CodeIgniter\CodeIgniter->run()
#5 F:\XAMPP7\htdocs\mejakita_list_belajar\system\Commands\Server\rewrite.php(34): require_once('F:\\XAMPP7\\htdoc...')
#6 {main}
CRITICAL - 2021-04-08 10:42:24 --> Uncaught CodeIgniter\Format\Exceptions\FormatException: Failed to parse json string, error: "Malformed UTF-8 characters, possibly incorrectly encoded". in F:\XAMPP7\htdocs\mejakita_list_belajar\system\Format\Exceptions\FormatException.php:9
Stack trace:
#0 F:\XAMPP7\htdocs\mejakita_list_belajar\system\Format\JSONFormatter.php(71): CodeIgniter\Format\Exceptions\FormatException::forInvalidJSON('Malformed UTF-8...')
#1 F:\XAMPP7\htdocs\mejakita_list_belajar\system\API\ResponseTrait.php(414): CodeIgniter\Format\JSONFormatter->format(Array)
#2 F:\XAMPP7\htdocs\mejakita_list_belajar\system\API\ResponseTrait.php(134): CodeIgniter\Debug\Exceptions->format(Array)
#3 F:\XAMPP7\htdocs\mejakita_list_belajar\system\Debug\Exceptions.php(168): CodeIgniter\Debug\Exceptions->respond(Array, 500)
#4 [internal function]: CodeIgniter\Debug\Exceptions->exceptionHandler(Object(ErrorException))
#5 {main}
  thrown
#0 [internal function]: CodeIgniter\Debug\Exceptions->shutdownHandler()
#1 {main}
CRITICAL - 2021-04-08 10:44:45 --> Undefined index: id_playlist
#0 F:\XAMPP7\htdocs\mejakita_list_belajar\app\Controllers\MateriBelajar.php(87): CodeIgniter\Debug\Exceptions->errorHandler(8, 'Undefined index...', 'F:\\XAMPP7\\htdoc...', 87, Array)
#1 F:\XAMPP7\htdocs\mejakita_list_belajar\system\CodeIgniter.php(918): App\Controllers\MateriBelajar->update('2')
#2 F:\XAMPP7\htdocs\mejakita_list_belajar\system\CodeIgniter.php(404): CodeIgniter\CodeIgniter->runController(Object(App\Controllers\MateriBelajar))
#3 F:\XAMPP7\htdocs\mejakita_list_belajar\system\CodeIgniter.php(312): CodeIgniter\CodeIgniter->handleRequest(NULL, Object(Config\Cache), false)
#4 F:\XAMPP7\htdocs\mejakita_list_belajar\public\index.php(45): CodeIgniter\CodeIgniter->run()
#5 F:\XAMPP7\htdocs\mejakita_list_belajar\system\Commands\Server\rewrite.php(34): require_once('F:\\XAMPP7\\htdoc...')
#6 {main}
CRITICAL - 2021-04-08 10:44:45 --> Uncaught CodeIgniter\Format\Exceptions\FormatException: Failed to parse json string, error: "Malformed UTF-8 characters, possibly incorrectly encoded". in F:\XAMPP7\htdocs\mejakita_list_belajar\system\Format\Exceptions\FormatException.php:9
Stack trace:
#0 F:\XAMPP7\htdocs\mejakita_list_belajar\system\Format\JSONFormatter.php(71): CodeIgniter\Format\Exceptions\FormatException::forInvalidJSON('Malformed UTF-8...')
#1 F:\XAMPP7\htdocs\mejakita_list_belajar\system\API\ResponseTrait.php(414): CodeIgniter\Format\JSONFormatter->format(Array)
#2 F:\XAMPP7\htdocs\mejakita_list_belajar\system\API\ResponseTrait.php(134): CodeIgniter\Debug\Exceptions->format(Array)
#3 F:\XAMPP7\htdocs\mejakita_list_belajar\system\Debug\Exceptions.php(168): CodeIgniter\Debug\Exceptions->respond(Array, 500)
#4 [internal function]: CodeIgniter\Debug\Exceptions->exceptionHandler(Object(ErrorException))
#5 {main}
  thrown
#0 [internal function]: CodeIgniter\Debug\Exceptions->shutdownHandler()
#1 {main}
CRITICAL - 2021-04-08 10:48:30 --> Undefined index: id_playlist
#0 F:\XAMPP7\htdocs\mejakita_list_belajar\app\Controllers\MateriBelajar.php(87): CodeIgniter\Debug\Exceptions->errorHandler(8, 'Undefined index...', 'F:\\XAMPP7\\htdoc...', 87, Array)
#1 F:\XAMPP7\htdocs\mejakita_list_belajar\system\CodeIgniter.php(918): App\Controllers\MateriBelajar->update('2')
#2 F:\XAMPP7\htdocs\mejakita_list_belajar\system\CodeIgniter.php(404): CodeIgniter\CodeIgniter->runController(Object(App\Controllers\MateriBelajar))
#3 F:\XAMPP7\htdocs\mejakita_list_belajar\system\CodeIgniter.php(312): CodeIgniter\CodeIgniter->handleRequest(NULL, Object(Config\Cache), false)
#4 F:\XAMPP7\htdocs\mejakita_list_belajar\public\index.php(45): CodeIgniter\CodeIgniter->run()
#5 F:\XAMPP7\htdocs\mejakita_list_belajar\system\Commands\Server\rewrite.php(34): require_once('F:\\XAMPP7\\htdoc...')
#6 {main}
CRITICAL - 2021-04-08 10:48:30 --> Uncaught CodeIgniter\Format\Exceptions\FormatException: Failed to parse json string, error: "Malformed UTF-8 characters, possibly incorrectly encoded". in F:\XAMPP7\htdocs\mejakita_list_belajar\system\Format\Exceptions\FormatException.php:9
Stack trace:
#0 F:\XAMPP7\htdocs\mejakita_list_belajar\system\Format\JSONFormatter.php(71): CodeIgniter\Format\Exceptions\FormatException::forInvalidJSON('Malformed UTF-8...')
#1 F:\XAMPP7\htdocs\mejakita_list_belajar\system\API\ResponseTrait.php(414): CodeIgniter\Format\JSONFormatter->format(Array)
#2 F:\XAMPP7\htdocs\mejakita_list_belajar\system\API\ResponseTrait.php(134): CodeIgniter\Debug\Exceptions->format(Array)
#3 F:\XAMPP7\htdocs\mejakita_list_belajar\system\Debug\Exceptions.php(168): CodeIgniter\Debug\Exceptions->respond(Array, 500)
#4 [internal function]: CodeIgniter\Debug\Exceptions->exceptionHandler(Object(ErrorException))
#5 {main}
  thrown
#0 [internal function]: CodeIgniter\Debug\Exceptions->shutdownHandler()
#1 {main}
CRITICAL - 2021-04-08 10:51:30 --> Undefined index: id_playlist
#0 F:\XAMPP7\htdocs\mejakita_list_belajar\app\Controllers\MateriBelajar.php(87): CodeIgniter\Debug\Exceptions->errorHandler(8, 'Undefined index...', 'F:\\XAMPP7\\htdoc...', 87, Array)
#1 F:\XAMPP7\htdocs\mejakita_list_belajar\system\CodeIgniter.php(918): App\Controllers\MateriBelajar->update('2')
#2 F:\XAMPP7\htdocs\mejakita_list_belajar\system\CodeIgniter.php(404): CodeIgniter\CodeIgniter->runController(Object(App\Controllers\MateriBelajar))
#3 F:\XAMPP7\htdocs\mejakita_list_belajar\system\CodeIgniter.php(312): CodeIgniter\CodeIgniter->handleRequest(NULL, Object(Config\Cache), false)
#4 F:\XAMPP7\htdocs\mejakita_list_belajar\public\index.php(45): CodeIgniter\CodeIgniter->run()
#5 F:\XAMPP7\htdocs\mejakita_list_belajar\system\Commands\Server\rewrite.php(34): require_once('F:\\XAMPP7\\htdoc...')
#6 {main}
CRITICAL - 2021-04-08 10:51:58 --> Undefined index: id_playlist
#0 F:\XAMPP7\htdocs\mejakita_list_belajar\app\Controllers\MateriBelajar.php(87): CodeIgniter\Debug\Exceptions->errorHandler(8, 'Undefined index...', 'F:\\XAMPP7\\htdoc...', 87, Array)
#1 F:\XAMPP7\htdocs\mejakita_list_belajar\system\CodeIgniter.php(918): App\Controllers\MateriBelajar->update('2')
#2 F:\XAMPP7\htdocs\mejakita_list_belajar\system\CodeIgniter.php(404): CodeIgniter\CodeIgniter->runController(Object(App\Controllers\MateriBelajar))
#3 F:\XAMPP7\htdocs\mejakita_list_belajar\system\CodeIgniter.php(312): CodeIgniter\CodeIgniter->handleRequest(NULL, Object(Config\Cache), false)
#4 F:\XAMPP7\htdocs\mejakita_list_belajar\public\index.php(45): CodeIgniter\CodeIgniter->run()
#5 F:\XAMPP7\htdocs\mejakita_list_belajar\system\Commands\Server\rewrite.php(34): require_once('F:\\XAMPP7\\htdoc...')
#6 {main}
CRITICAL - 2021-04-08 10:52:58 --> Undefined index: id_playlist
#0 F:\XAMPP7\htdocs\mejakita_list_belajar\app\Controllers\MateriBelajar.php(87): CodeIgniter\Debug\Exceptions->errorHandler(8, 'Undefined index...', 'F:\\XAMPP7\\htdoc...', 87, Array)
#1 F:\XAMPP7\htdocs\mejakita_list_belajar\system\CodeIgniter.php(918): App\Controllers\MateriBelajar->update('2')
#2 F:\XAMPP7\htdocs\mejakita_list_belajar\system\CodeIgniter.php(404): CodeIgniter\CodeIgniter->runController(Object(App\Controllers\MateriBelajar))
#3 F:\XAMPP7\htdocs\mejakita_list_belajar\system\CodeIgniter.php(312): CodeIgniter\CodeIgniter->handleRequest(NULL, Object(Config\Cache), false)
#4 F:\XAMPP7\htdocs\mejakita_list_belajar\public\index.php(45): CodeIgniter\CodeIgniter->run()
#5 F:\XAMPP7\htdocs\mejakita_list_belajar\system\Commands\Server\rewrite.php(34): require_once('F:\\XAMPP7\\htdoc...')
#6 {main}
CRITICAL - 2021-04-08 10:53:15 --> Undefined index: id_playlist
#0 F:\XAMPP7\htdocs\mejakita_list_belajar\app\Controllers\MateriBelajar.php(87): CodeIgniter\Debug\Exceptions->errorHandler(8, 'Undefined index...', 'F:\\XAMPP7\\htdoc...', 87, Array)
#1 F:\XAMPP7\htdocs\mejakita_list_belajar\system\CodeIgniter.php(918): App\Controllers\MateriBelajar->update('2')
#2 F:\XAMPP7\htdocs\mejakita_list_belajar\system\CodeIgniter.php(404): CodeIgniter\CodeIgniter->runController(Object(App\Controllers\MateriBelajar))
#3 F:\XAMPP7\htdocs\mejakita_list_belajar\system\CodeIgniter.php(312): CodeIgniter\CodeIgniter->handleRequest(NULL, Object(Config\Cache), false)
#4 F:\XAMPP7\htdocs\mejakita_list_belajar\public\index.php(45): CodeIgniter\CodeIgniter->run()
#5 F:\XAMPP7\htdocs\mejakita_list_belajar\system\Commands\Server\rewrite.php(34): require_once('F:\\XAMPP7\\htdoc...')
#6 {main}
CRITICAL - 2021-04-08 10:53:15 --> Uncaught CodeIgniter\Format\Exceptions\FormatException: Failed to parse json string, error: "Malformed UTF-8 characters, possibly incorrectly encoded". in F:\XAMPP7\htdocs\mejakita_list_belajar\system\Format\Exceptions\FormatException.php:9
Stack trace:
#0 F:\XAMPP7\htdocs\mejakita_list_belajar\system\Format\JSONFormatter.php(71): CodeIgniter\Format\Exceptions\FormatException::forInvalidJSON('Malformed UTF-8...')
#1 F:\XAMPP7\htdocs\mejakita_list_belajar\system\API\ResponseTrait.php(414): CodeIgniter\Format\JSONFormatter->format(Array)
#2 F:\XAMPP7\htdocs\mejakita_list_belajar\system\API\ResponseTrait.php(134): CodeIgniter\Debug\Exceptions->format(Array)
#3 F:\XAMPP7\htdocs\mejakita_list_belajar\system\Debug\Exceptions.php(168): CodeIgniter\Debug\Exceptions->respond(Array, 500)
#4 [internal function]: CodeIgniter\Debug\Exceptions->exceptionHandler(Object(ErrorException))
#5 {main}
  thrown
#0 [internal function]: CodeIgniter\Debug\Exceptions->shutdownHandler()
#1 {main}
CRITICAL - 2021-04-08 10:54:49 --> Undefined index: id_playlist
#0 F:\XAMPP7\htdocs\mejakita_list_belajar\app\Controllers\MateriBelajar.php(88): CodeIgniter\Debug\Exceptions->errorHandler(8, 'Undefined index...', 'F:\\XAMPP7\\htdoc...', 88, Array)
#1 F:\XAMPP7\htdocs\mejakita_list_belajar\system\CodeIgniter.php(918): App\Controllers\MateriBelajar->update('2')
#2 F:\XAMPP7\htdocs\mejakita_list_belajar\system\CodeIgniter.php(404): CodeIgniter\CodeIgniter->runController(Object(App\Controllers\MateriBelajar))
#3 F:\XAMPP7\htdocs\mejakita_list_belajar\system\CodeIgniter.php(312): CodeIgniter\CodeIgniter->handleRequest(NULL, Object(Config\Cache), false)
#4 F:\XAMPP7\htdocs\mejakita_list_belajar\public\index.php(45): CodeIgniter\CodeIgniter->run()
#5 F:\XAMPP7\htdocs\mejakita_list_belajar\system\Commands\Server\rewrite.php(34): require_once('F:\\XAMPP7\\htdoc...')
#6 {main}
CRITICAL - 2021-04-08 10:54:49 --> Uncaught CodeIgniter\Format\Exceptions\FormatException: Failed to parse json string, error: "Malformed UTF-8 characters, possibly incorrectly encoded". in F:\XAMPP7\htdocs\mejakita_list_belajar\system\Format\Exceptions\FormatException.php:9
Stack trace:
#0 F:\XAMPP7\htdocs\mejakita_list_belajar\system\Format\JSONFormatter.php(71): CodeIgniter\Format\Exceptions\FormatException::forInvalidJSON('Malformed UTF-8...')
#1 F:\XAMPP7\htdocs\mejakita_list_belajar\system\API\ResponseTrait.php(414): CodeIgniter\Format\JSONFormatter->format(Array)
#2 F:\XAMPP7\htdocs\mejakita_list_belajar\system\API\ResponseTrait.php(134): CodeIgniter\Debug\Exceptions->format(Array)
#3 F:\XAMPP7\htdocs\mejakita_list_belajar\system\Debug\Exceptions.php(168): CodeIgniter\Debug\Exceptions->respond(Array, 500)
#4 [internal function]: CodeIgniter\Debug\Exceptions->exceptionHandler(Object(ErrorException))
#5 {main}
  thrown
#0 [internal function]: CodeIgniter\Debug\Exceptions->shutdownHandler()
#1 {main}
CRITICAL - 2021-04-08 10:57:12 --> Undefined index: id_playlist
#0 F:\XAMPP7\htdocs\mejakita_list_belajar\app\Controllers\MateriBelajar.php(88): CodeIgniter\Debug\Exceptions->errorHandler(8, 'Undefined index...', 'F:\\XAMPP7\\htdoc...', 88, Array)
#1 F:\XAMPP7\htdocs\mejakita_list_belajar\system\CodeIgniter.php(918): App\Controllers\MateriBelajar->update('2')
#2 F:\XAMPP7\htdocs\mejakita_list_belajar\system\CodeIgniter.php(404): CodeIgniter\CodeIgniter->runController(Object(App\Controllers\MateriBelajar))
#3 F:\XAMPP7\htdocs\mejakita_list_belajar\system\CodeIgniter.php(312): CodeIgniter\CodeIgniter->handleRequest(NULL, Object(Config\Cache), false)
#4 F:\XAMPP7\htdocs\mejakita_list_belajar\public\index.php(45): CodeIgniter\CodeIgniter->run()
#5 F:\XAMPP7\htdocs\mejakita_list_belajar\system\Commands\Server\rewrite.php(34): require_once('F:\\XAMPP7\\htdoc...')
#6 {main}
CRITICAL - 2021-04-08 10:57:12 --> Uncaught CodeIgniter\Format\Exceptions\FormatException: Failed to parse json string, error: "Malformed UTF-8 characters, possibly incorrectly encoded". in F:\XAMPP7\htdocs\mejakita_list_belajar\system\Format\Exceptions\FormatException.php:9
Stack trace:
#0 F:\XAMPP7\htdocs\mejakita_list_belajar\system\Format\JSONFormatter.php(71): CodeIgniter\Format\Exceptions\FormatException::forInvalidJSON('Malformed UTF-8...')
#1 F:\XAMPP7\htdocs\mejakita_list_belajar\system\API\ResponseTrait.php(414): CodeIgniter\Format\JSONFormatter->format(Array)
#2 F:\XAMPP7\htdocs\mejakita_list_belajar\system\API\ResponseTrait.php(134): CodeIgniter\Debug\Exceptions->format(Array)
#3 F:\XAMPP7\htdocs\mejakita_list_belajar\system\Debug\Exceptions.php(168): CodeIgniter\Debug\Exceptions->respond(Array, 500)
#4 [internal function]: CodeIgniter\Debug\Exceptions->exceptionHandler(Object(ErrorException))
#5 {main}
  thrown
#0 [internal function]: CodeIgniter\Debug\Exceptions->shutdownHandler()
#1 {main}
CRITICAL - 2021-04-08 11:02:50 --> Undefined index: id_playlist
#0 F:\XAMPP7\htdocs\mejakita_list_belajar\app\Controllers\MateriBelajar.php(87): CodeIgniter\Debug\Exceptions->errorHandler(8, 'Undefined index...', 'F:\\XAMPP7\\htdoc...', 87, Array)
#1 F:\XAMPP7\htdocs\mejakita_list_belajar\system\CodeIgniter.php(918): App\Controllers\MateriBelajar->update('2')
#2 F:\XAMPP7\htdocs\mejakita_list_belajar\system\CodeIgniter.php(404): CodeIgniter\CodeIgniter->runController(Object(App\Controllers\MateriBelajar))
#3 F:\XAMPP7\htdocs\mejakita_list_belajar\system\CodeIgniter.php(312): CodeIgniter\CodeIgniter->handleRequest(NULL, Object(Config\Cache), false)
#4 F:\XAMPP7\htdocs\mejakita_list_belajar\public\index.php(45): CodeIgniter\CodeIgniter->run()
#5 F:\XAMPP7\htdocs\mejakita_list_belajar\system\Commands\Server\rewrite.php(34): require_once('F:\\XAMPP7\\htdoc...')
#6 {main}
CRITICAL - 2021-04-08 11:02:50 --> Uncaught CodeIgniter\Format\Exceptions\FormatException: Failed to parse json string, error: "Malformed UTF-8 characters, possibly incorrectly encoded". in F:\XAMPP7\htdocs\mejakita_list_belajar\system\Format\Exceptions\FormatException.php:9
Stack trace:
#0 F:\XAMPP7\htdocs\mejakita_list_belajar\system\Format\JSONFormatter.php(71): CodeIgniter\Format\Exceptions\FormatException::forInvalidJSON('Malformed UTF-8...')
#1 F:\XAMPP7\htdocs\mejakita_list_belajar\system\API\ResponseTrait.php(414): CodeIgniter\Format\JSONFormatter->format(Array)
#2 F:\XAMPP7\htdocs\mejakita_list_belajar\system\API\ResponseTrait.php(134): CodeIgniter\Debug\Exceptions->format(Array)
#3 F:\XAMPP7\htdocs\mejakita_list_belajar\system\Debug\Exceptions.php(168): CodeIgniter\Debug\Exceptions->respond(Array, 500)
#4 [internal function]: CodeIgniter\Debug\Exceptions->exceptionHandler(Object(ErrorException))
#5 {main}
  thrown
#0 [internal function]: CodeIgniter\Debug\Exceptions->shutdownHandler()
#1 {main}
CRITICAL - 2021-04-08 11:03:04 --> Undefined index: id_playlist
#0 F:\XAMPP7\htdocs\mejakita_list_belajar\app\Controllers\MateriBelajar.php(87): CodeIgniter\Debug\Exceptions->errorHandler(8, 'Undefined index...', 'F:\\XAMPP7\\htdoc...', 87, Array)
#1 F:\XAMPP7\htdocs\mejakita_list_belajar\system\CodeIgniter.php(918): App\Controllers\MateriBelajar->update('2')
#2 F:\XAMPP7\htdocs\mejakita_list_belajar\system\CodeIgniter.php(404): CodeIgniter\CodeIgniter->runController(Object(App\Controllers\MateriBelajar))
#3 F:\XAMPP7\htdocs\mejakita_list_belajar\system\CodeIgniter.php(312): CodeIgniter\CodeIgniter->handleRequest(NULL, Object(Config\Cache), false)
#4 F:\XAMPP7\htdocs\mejakita_list_belajar\public\index.php(45): CodeIgniter\CodeIgniter->run()
#5 F:\XAMPP7\htdocs\mejakita_list_belajar\system\Commands\Server\rewrite.php(34): require_once('F:\\XAMPP7\\htdoc...')
#6 {main}
CRITICAL - 2021-04-08 11:03:05 --> Uncaught CodeIgniter\Format\Exceptions\FormatException: Failed to parse json string, error: "Malformed UTF-8 characters, possibly incorrectly encoded". in F:\XAMPP7\htdocs\mejakita_list_belajar\system\Format\Exceptions\FormatException.php:9
Stack trace:
#0 F:\XAMPP7\htdocs\mejakita_list_belajar\system\Format\JSONFormatter.php(71): CodeIgniter\Format\Exceptions\FormatException::forInvalidJSON('Malformed UTF-8...')
#1 F:\XAMPP7\htdocs\mejakita_list_belajar\system\API\ResponseTrait.php(414): CodeIgniter\Format\JSONFormatter->format(Array)
#2 F:\XAMPP7\htdocs\mejakita_list_belajar\system\API\ResponseTrait.php(134): CodeIgniter\Debug\Exceptions->format(Array)
#3 F:\XAMPP7\htdocs\mejakita_list_belajar\system\Debug\Exceptions.php(168): CodeIgniter\Debug\Exceptions->respond(Array, 500)
#4 [internal function]: CodeIgniter\Debug\Exceptions->exceptionHandler(Object(ErrorException))
#5 {main}
  thrown
#0 [internal function]: CodeIgniter\Debug\Exceptions->shutdownHandler()
#1 {main}
CRITICAL - 2021-04-08 11:03:54 --> Undefined index: id_playlist
#0 F:\XAMPP7\htdocs\mejakita_list_belajar\app\Controllers\MateriBelajar.php(87): CodeIgniter\Debug\Exceptions->errorHandler(8, 'Undefined index...', 'F:\\XAMPP7\\htdoc...', 87, Array)
#1 F:\XAMPP7\htdocs\mejakita_list_belajar\system\CodeIgniter.php(918): App\Controllers\MateriBelajar->update('2')
#2 F:\XAMPP7\htdocs\mejakita_list_belajar\system\CodeIgniter.php(404): CodeIgniter\CodeIgniter->runController(Object(App\Controllers\MateriBelajar))
#3 F:\XAMPP7\htdocs\mejakita_list_belajar\system\CodeIgniter.php(312): CodeIgniter\CodeIgniter->handleRequest(NULL, Object(Config\Cache), false)
#4 F:\XAMPP7\htdocs\mejakita_list_belajar\public\index.php(45): CodeIgniter\CodeIgniter->run()
#5 F:\XAMPP7\htdocs\mejakita_list_belajar\system\Commands\Server\rewrite.php(34): require_once('F:\\XAMPP7\\htdoc...')
#6 {main}
CRITICAL - 2021-04-08 11:03:59 --> Undefined index: id_playlist
#0 F:\XAMPP7\htdocs\mejakita_list_belajar\app\Controllers\MateriBelajar.php(87): CodeIgniter\Debug\Exceptions->errorHandler(8, 'Undefined index...', 'F:\\XAMPP7\\htdoc...', 87, Array)
#1 F:\XAMPP7\htdocs\mejakita_list_belajar\system\CodeIgniter.php(918): App\Controllers\MateriBelajar->update('2')
#2 F:\XAMPP7\htdocs\mejakita_list_belajar\system\CodeIgniter.php(404): CodeIgniter\CodeIgniter->runController(Object(App\Controllers\MateriBelajar))
#3 F:\XAMPP7\htdocs\mejakita_list_belajar\system\CodeIgniter.php(312): CodeIgniter\CodeIgniter->handleRequest(NULL, Object(Config\Cache), false)
#4 F:\XAMPP7\htdocs\mejakita_list_belajar\public\index.php(45): CodeIgniter\CodeIgniter->run()
#5 F:\XAMPP7\htdocs\mejakita_list_belajar\system\Commands\Server\rewrite.php(34): require_once('F:\\XAMPP7\\htdoc...')
#6 {main}
CRITICAL - 2021-04-08 11:20:07 --> Trying to get property 'id_playlist' of non-object
#0 F:\XAMPP7\htdocs\mejakita_list_belajar\app\Controllers\MateriBelajar.php(86): CodeIgniter\Debug\Exceptions->errorHandler(8, 'Trying to get p...', 'F:\\XAMPP7\\htdoc...', 86, Array)
#1 F:\XAMPP7\htdocs\mejakita_list_belajar\system\CodeIgniter.php(918): App\Controllers\MateriBelajar->update('2')
#2 F:\XAMPP7\htdocs\mejakita_list_belajar\system\CodeIgniter.php(404): CodeIgniter\CodeIgniter->runController(Object(App\Controllers\MateriBelajar))
#3 F:\XAMPP7\htdocs\mejakita_list_belajar\system\CodeIgniter.php(312): CodeIgniter\CodeIgniter->handleRequest(NULL, Object(Config\Cache), false)
#4 F:\XAMPP7\htdocs\mejakita_list_belajar\public\index.php(45): CodeIgniter\CodeIgniter->run()
#5 F:\XAMPP7\htdocs\mejakita_list_belajar\system\Commands\Server\rewrite.php(34): require_once('F:\\XAMPP7\\htdoc...')
#6 {main}
CRITICAL - 2021-04-08 11:23:48 --> Undefined index: nama_materi
#0 F:\XAMPP7\htdocs\mejakita_list_belajar\app\Controllers\MateriBelajar.php(88): CodeIgniter\Debug\Exceptions->errorHandler(8, 'Undefined index...', 'F:\\XAMPP7\\htdoc...', 88, Array)
#1 F:\XAMPP7\htdocs\mejakita_list_belajar\system\CodeIgniter.php(918): App\Controllers\MateriBelajar->update('2')
#2 F:\XAMPP7\htdocs\mejakita_list_belajar\system\CodeIgniter.php(404): CodeIgniter\CodeIgniter->runController(Object(App\Controllers\MateriBelajar))
#3 F:\XAMPP7\htdocs\mejakita_list_belajar\system\CodeIgniter.php(312): CodeIgniter\CodeIgniter->handleRequest(NULL, Object(Config\Cache), false)
#4 F:\XAMPP7\htdocs\mejakita_list_belajar\public\index.php(45): CodeIgniter\CodeIgniter->run()
#5 F:\XAMPP7\htdocs\mejakita_list_belajar\system\Commands\Server\rewrite.php(34): require_once('F:\\XAMPP7\\htdoc...')
#6 {main}
CRITICAL - 2021-04-08 11:28:49 --> Undefined index: nama_materi
#0 F:\XAMPP7\htdocs\mejakita_list_belajar\app\Controllers\MateriBelajar.php(91): CodeIgniter\Debug\Exceptions->errorHandler(8, 'Undefined index...', 'F:\\XAMPP7\\htdoc...', 91, Array)
#1 F:\XAMPP7\htdocs\mejakita_list_belajar\system\CodeIgniter.php(918): App\Controllers\MateriBelajar->update('2')
#2 F:\XAMPP7\htdocs\mejakita_list_belajar\system\CodeIgniter.php(404): CodeIgniter\CodeIgniter->runController(Object(App\Controllers\MateriBelajar))
#3 F:\XAMPP7\htdocs\mejakita_list_belajar\system\CodeIgniter.php(312): CodeIgniter\CodeIgniter->handleRequest(NULL, Object(Config\Cache), false)
#4 F:\XAMPP7\htdocs\mejakita_list_belajar\public\index.php(45): CodeIgniter\CodeIgniter->run()
#5 F:\XAMPP7\htdocs\mejakita_list_belajar\system\Commands\Server\rewrite.php(34): require_once('F:\\XAMPP7\\htdoc...')
#6 {main}
CRITICAL - 2021-04-08 11:29:11 --> Undefined index: nama_materi
#0 F:\XAMPP7\htdocs\mejakita_list_belajar\app\Controllers\MateriBelajar.php(91): CodeIgniter\Debug\Exceptions->errorHandler(8, 'Undefined index...', 'F:\\XAMPP7\\htdoc...', 91, Array)
#1 F:\XAMPP7\htdocs\mejakita_list_belajar\system\CodeIgniter.php(918): App\Controllers\MateriBelajar->update('2')
#2 F:\XAMPP7\htdocs\mejakita_list_belajar\system\CodeIgniter.php(404): CodeIgniter\CodeIgniter->runController(Object(App\Controllers\MateriBelajar))
#3 F:\XAMPP7\htdocs\mejakita_list_belajar\system\CodeIgniter.php(312): CodeIgniter\CodeIgniter->handleRequest(NULL, Object(Config\Cache), false)
#4 F:\XAMPP7\htdocs\mejakita_list_belajar\public\index.php(45): CodeIgniter\CodeIgniter->run()
#5 F:\XAMPP7\htdocs\mejakita_list_belajar\system\Commands\Server\rewrite.php(34): require_once('F:\\XAMPP7\\htdoc...')
#6 {main}
CRITICAL - 2021-04-08 11:30:37 --> Undefined index: id_playlist
#0 F:\XAMPP7\htdocs\mejakita_list_belajar\app\Controllers\MateriBelajar.php(87): CodeIgniter\Debug\Exceptions->errorHandler(8, 'Undefined index...', 'F:\\XAMPP7\\htdoc...', 87, Array)
#1 F:\XAMPP7\htdocs\mejakita_list_belajar\system\CodeIgniter.php(918): App\Controllers\MateriBelajar->update('2')
#2 F:\XAMPP7\htdocs\mejakita_list_belajar\system\CodeIgniter.php(404): CodeIgniter\CodeIgniter->runController(Object(App\Controllers\MateriBelajar))
#3 F:\XAMPP7\htdocs\mejakita_list_belajar\system\CodeIgniter.php(312): CodeIgniter\CodeIgniter->handleRequest(NULL, Object(Config\Cache), false)
#4 F:\XAMPP7\htdocs\mejakita_list_belajar\public\index.php(45): CodeIgniter\CodeIgniter->run()
#5 F:\XAMPP7\htdocs\mejakita_list_belajar\system\Commands\Server\rewrite.php(34): require_once('F:\\XAMPP7\\htdoc...')
#6 {main}
CRITICAL - 2021-04-08 11:36:57 --> Operand should contain 1 column(s)
#0 F:\XAMPP7\htdocs\mejakita_list_belajar\system\Database\MySQLi\Connection.php(331): mysqli->query('UPDATE `materi`...')
#1 F:\XAMPP7\htdocs\mejakita_list_belajar\system\Database\BaseConnection.php(741): CodeIgniter\Database\MySQLi\Connection->execute('UPDATE `materi`...')
#2 F:\XAMPP7\htdocs\mejakita_list_belajar\system\Database\BaseConnection.php(669): CodeIgniter\Database\BaseConnection->simpleQuery('UPDATE `materi`...')
#3 F:\XAMPP7\htdocs\mejakita_list_belajar\system\Database\BaseBuilder.php(2456): CodeIgniter\Database\BaseConnection->query('UPDATE `materi`...', Array, false)
#4 F:\XAMPP7\htdocs\mejakita_list_belajar\system\Model.php(889): CodeIgniter\Database\BaseBuilder->update()
#5 F:\XAMPP7\htdocs\mejakita_list_belajar\app\Controllers\MateriBelajar.php(91): CodeIgniter\Model->update(Array, Array)
#6 F:\XAMPP7\htdocs\mejakita_list_belajar\system\CodeIgniter.php(918): App\Controllers\MateriBelajar->update('2')
#7 F:\XAMPP7\htdocs\mejakita_list_belajar\system\CodeIgniter.php(404): CodeIgniter\CodeIgniter->runController(Object(App\Controllers\MateriBelajar))
#8 F:\XAMPP7\htdocs\mejakita_list_belajar\system\CodeIgniter.php(312): CodeIgniter\CodeIgniter->handleRequest(NULL, Object(Config\Cache), false)
#9 F:\XAMPP7\htdocs\mejakita_list_belajar\public\index.php(45): CodeIgniter\CodeIgniter->run()
#10 F:\XAMPP7\htdocs\mejakita_list_belajar\system\Commands\Server\rewrite.php(34): require_once('F:\\XAMPP7\\htdoc...')
#11 {main}
CRITICAL - 2021-04-08 11:39:27 --> Function name must be a string
#0 F:\XAMPP7\htdocs\mejakita_list_belajar\system\CodeIgniter.php(918): App\Controllers\MateriBelajar->update('2')
#1 F:\XAMPP7\htdocs\mejakita_list_belajar\system\CodeIgniter.php(404): CodeIgniter\CodeIgniter->runController(Object(App\Controllers\MateriBelajar))
#2 F:\XAMPP7\htdocs\mejakita_list_belajar\system\CodeIgniter.php(312): CodeIgniter\CodeIgniter->handleRequest(NULL, Object(Config\Cache), false)
#3 F:\XAMPP7\htdocs\mejakita_list_belajar\public\index.php(45): CodeIgniter\CodeIgniter->run()
#4 F:\XAMPP7\htdocs\mejakita_list_belajar\system\Commands\Server\rewrite.php(34): require_once('F:\\XAMPP7\\htdoc...')
#5 {main}
CRITICAL - 2021-04-08 11:39:55 --> Call to a member function getVar() on array
#0 F:\XAMPP7\htdocs\mejakita_list_belajar\system\CodeIgniter.php(918): App\Controllers\MateriBelajar->update('2')
#1 F:\XAMPP7\htdocs\mejakita_list_belajar\system\CodeIgniter.php(404): CodeIgniter\CodeIgniter->runController(Object(App\Controllers\MateriBelajar))
#2 F:\XAMPP7\htdocs\mejakita_list_belajar\system\CodeIgniter.php(312): CodeIgniter\CodeIgniter->handleRequest(NULL, Object(Config\Cache), false)
#3 F:\XAMPP7\htdocs\mejakita_list_belajar\public\index.php(45): CodeIgniter\CodeIgniter->run()
#4 F:\XAMPP7\htdocs\mejakita_list_belajar\system\Commands\Server\rewrite.php(34): require_once('F:\\XAMPP7\\htdoc...')
#5 {main}
CRITICAL - 2021-04-08 11:40:19 --> Undefined index: id_playlist
#0 F:\XAMPP7\htdocs\mejakita_list_belajar\app\Controllers\MateriBelajar.php(87): CodeIgniter\Debug\Exceptions->errorHandler(8, 'Undefined index...', 'F:\\XAMPP7\\htdoc...', 87, Array)
#1 F:\XAMPP7\htdocs\mejakita_list_belajar\system\CodeIgniter.php(918): App\Controllers\MateriBelajar->update('2')
#2 F:\XAMPP7\htdocs\mejakita_list_belajar\system\CodeIgniter.php(404): CodeIgniter\CodeIgniter->runController(Object(App\Controllers\MateriBelajar))
#3 F:\XAMPP7\htdocs\mejakita_list_belajar\system\CodeIgniter.php(312): CodeIgniter\CodeIgniter->handleRequest(NULL, Object(Config\Cache), false)
#4 F:\XAMPP7\htdocs\mejakita_list_belajar\public\index.php(45): CodeIgniter\CodeIgniter->run()
#5 F:\XAMPP7\htdocs\mejakita_list_belajar\system\Commands\Server\rewrite.php(34): require_once('F:\\XAMPP7\\htdoc...')
#6 {main}
CRITICAL - 2021-04-08 11:40:41 --> Undefined index: id_playlist
#0 F:\XAMPP7\htdocs\mejakita_list_belajar\app\Controllers\MateriBelajar.php(87): CodeIgniter\Debug\Exceptions->errorHandler(8, 'Undefined index...', 'F:\\XAMPP7\\htdoc...', 87, Array)
#1 F:\XAMPP7\htdocs\mejakita_list_belajar\system\CodeIgniter.php(918): App\Controllers\MateriBelajar->update('2')
#2 F:\XAMPP7\htdocs\mejakita_list_belajar\system\CodeIgniter.php(404): CodeIgniter\CodeIgniter->runController(Object(App\Controllers\MateriBelajar))
#3 F:\XAMPP7\htdocs\mejakita_list_belajar\system\CodeIgniter.php(312): CodeIgniter\CodeIgniter->handleRequest(NULL, Object(Config\Cache), false)
#4 F:\XAMPP7\htdocs\mejakita_list_belajar\public\index.php(45): CodeIgniter\CodeIgniter->run()
#5 F:\XAMPP7\htdocs\mejakita_list_belajar\system\Commands\Server\rewrite.php(34): require_once('F:\\XAMPP7\\htdoc...')
#6 {main}
CRITICAL - 2021-04-08 11:41:00 --> Undefined index: id_playlist
#0 F:\XAMPP7\htdocs\mejakita_list_belajar\app\Controllers\MateriBelajar.php(92): CodeIgniter\Debug\Exceptions->errorHandler(8, 'Undefined index...', 'F:\\XAMPP7\\htdoc...', 92, Array)
#1 F:\XAMPP7\htdocs\mejakita_list_belajar\system\CodeIgniter.php(918): App\Controllers\MateriBelajar->update('2')
#2 F:\XAMPP7\htdocs\mejakita_list_belajar\system\CodeIgniter.php(404): CodeIgniter\CodeIgniter->runController(Object(App\Controllers\MateriBelajar))
#3 F:\XAMPP7\htdocs\mejakita_list_belajar\system\CodeIgniter.php(312): CodeIgniter\CodeIgniter->handleRequest(NULL, Object(Config\Cache), false)
#4 F:\XAMPP7\htdocs\mejakita_list_belajar\public\index.php(45): CodeIgniter\CodeIgniter->run()
#5 F:\XAMPP7\htdocs\mejakita_list_belajar\system\Commands\Server\rewrite.php(34): require_once('F:\\XAMPP7\\htdoc...')
#6 {main}
CRITICAL - 2021-04-08 11:44:20 --> json_decode() expects parameter 1 to be string, array given
#0 [internal function]: CodeIgniter\Debug\Exceptions->errorHandler(2, 'json_decode() e...', 'F:\\XAMPP7\\htdoc...', 85, Array)
#1 F:\XAMPP7\htdocs\mejakita_list_belajar\app\Controllers\MateriBelajar.php(85): json_decode(Array, true)
#2 F:\XAMPP7\htdocs\mejakita_list_belajar\system\CodeIgniter.php(918): App\Controllers\MateriBelajar->update('2')
#3 F:\XAMPP7\htdocs\mejakita_list_belajar\system\CodeIgniter.php(404): CodeIgniter\CodeIgniter->runController(Object(App\Controllers\MateriBelajar))
#4 F:\XAMPP7\htdocs\mejakita_list_belajar\system\CodeIgniter.php(312): CodeIgniter\CodeIgniter->handleRequest(NULL, Object(Config\Cache), false)
#5 F:\XAMPP7\htdocs\mejakita_list_belajar\public\index.php(45): CodeIgniter\CodeIgniter->run()
#6 F:\XAMPP7\htdocs\mejakita_list_belajar\system\Commands\Server\rewrite.php(34): require_once('F:\\XAMPP7\\htdoc...')
#7 {main}
CRITICAL - 2021-04-08 11:45:02 --> json_decode() expects parameter 1 to be string, array given
#0 [internal function]: CodeIgniter\Debug\Exceptions->errorHandler(2, 'json_decode() e...', 'F:\\XAMPP7\\htdoc...', 85, Array)
#1 F:\XAMPP7\htdocs\mejakita_list_belajar\app\Controllers\MateriBelajar.php(85): json_decode(Array, true)
#2 F:\XAMPP7\htdocs\mejakita_list_belajar\system\CodeIgniter.php(918): App\Controllers\MateriBelajar->update('2')
#3 F:\XAMPP7\htdocs\mejakita_list_belajar\system\CodeIgniter.php(404): CodeIgniter\CodeIgniter->runController(Object(App\Controllers\MateriBelajar))
#4 F:\XAMPP7\htdocs\mejakita_list_belajar\system\CodeIgniter.php(312): CodeIgniter\CodeIgniter->handleRequest(NULL, Object(Config\Cache), false)
#5 F:\XAMPP7\htdocs\mejakita_list_belajar\public\index.php(45): CodeIgniter\CodeIgniter->run()
#6 F:\XAMPP7\htdocs\mejakita_list_belajar\system\Commands\Server\rewrite.php(34): require_once('F:\\XAMPP7\\htdoc...')
#7 {main}
CRITICAL - 2021-04-08 11:46:01 --> Illegal string offset 'id_playlist'
#0 F:\XAMPP7\htdocs\mejakita_list_belajar\app\Controllers\MateriBelajar.php(88): CodeIgniter\Debug\Exceptions->errorHandler(2, 'Illegal string ...', 'F:\\XAMPP7\\htdoc...', 88, Array)
#1 F:\XAMPP7\htdocs\mejakita_list_belajar\system\CodeIgniter.php(918): App\Controllers\MateriBelajar->update('2')
#2 F:\XAMPP7\htdocs\mejakita_list_belajar\system\CodeIgniter.php(404): CodeIgniter\CodeIgniter->runController(Object(App\Controllers\MateriBelajar))
#3 F:\XAMPP7\htdocs\mejakita_list_belajar\system\CodeIgniter.php(312): CodeIgniter\CodeIgniter->handleRequest(NULL, Object(Config\Cache), false)
#4 F:\XAMPP7\htdocs\mejakita_list_belajar\public\index.php(45): CodeIgniter\CodeIgniter->run()
#5 F:\XAMPP7\htdocs\mejakita_list_belajar\system\Commands\Server\rewrite.php(34): require_once('F:\\XAMPP7\\htdoc...')
#6 {main}
CRITICAL - 2021-04-08 11:46:42 --> Undefined index: id_playlist
#0 F:\XAMPP7\htdocs\mejakita_list_belajar\app\Controllers\MateriBelajar.php(88): CodeIgniter\Debug\Exceptions->errorHandler(8, 'Undefined index...', 'F:\\XAMPP7\\htdoc...', 88, Array)
#1 F:\XAMPP7\htdocs\mejakita_list_belajar\system\CodeIgniter.php(918): App\Controllers\MateriBelajar->update('2')
#2 F:\XAMPP7\htdocs\mejakita_list_belajar\system\CodeIgniter.php(404): CodeIgniter\CodeIgniter->runController(Object(App\Controllers\MateriBelajar))
#3 F:\XAMPP7\htdocs\mejakita_list_belajar\system\CodeIgniter.php(312): CodeIgniter\CodeIgniter->handleRequest(NULL, Object(Config\Cache), false)
#4 F:\XAMPP7\htdocs\mejakita_list_belajar\public\index.php(45): CodeIgniter\CodeIgniter->run()
#5 F:\XAMPP7\htdocs\mejakita_list_belajar\system\Commands\Server\rewrite.php(34): require_once('F:\\XAMPP7\\htdoc...')
#6 {main}
