CRITICAL - 2021-04-14 00:06:40 --> unlink(../public/files/): Is a directory
#0 [internal function]: CodeIgniter\Debug\Exceptions->errorHandler(2, 'unlink(../publi...', 'C:\\xampp\\htdocs...', 135, Array)
#1 C:\xampp\htdocs\mejakita_list_belajar\app\Controllers\MateriBelajar.php(135): unlink('../public/files...')
#2 C:\xampp\htdocs\mejakita_list_belajar\system\CodeIgniter.php(918): App\Controllers\MateriBelajar->update('1')
#3 C:\xampp\htdocs\mejakita_list_belajar\system\CodeIgniter.php(404): CodeIgniter\CodeIgniter->runController(Object(App\Controllers\MateriBelajar))
#4 C:\xampp\htdocs\mejakita_list_belajar\system\CodeIgniter.php(312): CodeIgniter\CodeIgniter->handleRequest(NULL, Object(Config\Cache), false)
#5 C:\xampp\htdocs\mejakita_list_belajar\public\index.php(45): CodeIgniter\CodeIgniter->run()
#6 C:\xampp\htdocs\mejakita_list_belajar\system\Commands\Server\rewrite.php(34): require_once('C:\\xampp\\htdocs...')
#7 {main}
CRITICAL - 2021-04-14 00:13:10 --> Undefined variable: fiename
#0 C:\xampp\htdocs\mejakita_list_belajar\app\Controllers\MateriBelajar.php(132): CodeIgniter\Debug\Exceptions->errorHandler(8, 'Undefined varia...', 'C:\\xampp\\htdocs...', 132, Array)
#1 C:\xampp\htdocs\mejakita_list_belajar\system\CodeIgniter.php(918): App\Controllers\MateriBelajar->update('2')
#2 C:\xampp\htdocs\mejakita_list_belajar\system\CodeIgniter.php(404): CodeIgniter\CodeIgniter->runController(Object(App\Controllers\MateriBelajar))
#3 C:\xampp\htdocs\mejakita_list_belajar\system\CodeIgniter.php(312): CodeIgniter\CodeIgniter->handleRequest(NULL, Object(Config\Cache), false)
#4 C:\xampp\htdocs\mejakita_list_belajar\public\index.php(45): CodeIgniter\CodeIgniter->run()
#5 C:\xampp\htdocs\mejakita_list_belajar\system\Commands\Server\rewrite.php(34): require_once('C:\\xampp\\htdocs...')
#6 {main}
CRITICAL - 2021-04-14 01:03:57 --> The original file is not a valid file.
#0 C:\xampp\htdocs\mejakita_list_belajar\system\HTTP\Files\UploadedFile.php(172): CodeIgniter\HTTP\Exceptions\HTTPException::forInvalidFile()
#1 C:\xampp\htdocs\mejakita_list_belajar\app\Controllers\MateriBelajar.php(139): CodeIgniter\HTTP\Files\UploadedFile->move('../public/files')
#2 C:\xampp\htdocs\mejakita_list_belajar\system\CodeIgniter.php(918): App\Controllers\MateriBelajar->update('1')
#3 C:\xampp\htdocs\mejakita_list_belajar\system\CodeIgniter.php(404): CodeIgniter\CodeIgniter->runController(Object(App\Controllers\MateriBelajar))
#4 C:\xampp\htdocs\mejakita_list_belajar\system\CodeIgniter.php(312): CodeIgniter\CodeIgniter->handleRequest(NULL, Object(Config\Cache), false)
#5 C:\xampp\htdocs\mejakita_list_belajar\public\index.php(45): CodeIgniter\CodeIgniter->run()
#6 C:\xampp\htdocs\mejakita_list_belajar\system\Commands\Server\rewrite.php(34): require_once('C:\\xampp\\htdocs...')
#7 {main}
CRITICAL - 2021-04-14 01:04:57 --> unlink(../public/files/1_1.JPG): No such file or directory
#0 [internal function]: CodeIgniter\Debug\Exceptions->errorHandler(2, 'unlink(../publi...', 'C:\\xampp\\htdocs...', 138, Array)
#1 C:\xampp\htdocs\mejakita_list_belajar\app\Controllers\MateriBelajar.php(138): unlink('../public/files...')
#2 C:\xampp\htdocs\mejakita_list_belajar\system\CodeIgniter.php(918): App\Controllers\MateriBelajar->update('1')
#3 C:\xampp\htdocs\mejakita_list_belajar\system\CodeIgniter.php(404): CodeIgniter\CodeIgniter->runController(Object(App\Controllers\MateriBelajar))
#4 C:\xampp\htdocs\mejakita_list_belajar\system\CodeIgniter.php(312): CodeIgniter\CodeIgniter->handleRequest(NULL, Object(Config\Cache), false)
#5 C:\xampp\htdocs\mejakita_list_belajar\public\index.php(45): CodeIgniter\CodeIgniter->run()
#6 C:\xampp\htdocs\mejakita_list_belajar\system\Commands\Server\rewrite.php(34): require_once('C:\\xampp\\htdocs...')
#7 {main}
CRITICAL - 2021-04-14 01:07:30 --> The original file is not a valid file.
#0 C:\xampp\htdocs\mejakita_list_belajar\system\HTTP\Files\UploadedFile.php(172): CodeIgniter\HTTP\Exceptions\HTTPException::forInvalidFile()
#1 C:\xampp\htdocs\mejakita_list_belajar\app\Controllers\MateriBelajar.php(140): CodeIgniter\HTTP\Files\UploadedFile->move('../public/files')
#2 C:\xampp\htdocs\mejakita_list_belajar\system\CodeIgniter.php(918): App\Controllers\MateriBelajar->update('1')
#3 C:\xampp\htdocs\mejakita_list_belajar\system\CodeIgniter.php(404): CodeIgniter\CodeIgniter->runController(Object(App\Controllers\MateriBelajar))
#4 C:\xampp\htdocs\mejakita_list_belajar\system\CodeIgniter.php(312): CodeIgniter\CodeIgniter->handleRequest(NULL, Object(Config\Cache), false)
#5 C:\xampp\htdocs\mejakita_list_belajar\public\index.php(45): CodeIgniter\CodeIgniter->run()
#6 C:\xampp\htdocs\mejakita_list_belajar\system\Commands\Server\rewrite.php(34): require_once('C:\\xampp\\htdocs...')
#7 {main}
CRITICAL - 2021-04-14 01:07:43 --> unlink(../public/files/1.JPG): No such file or directory
#0 [internal function]: CodeIgniter\Debug\Exceptions->errorHandler(2, 'unlink(../publi...', 'C:\\xampp\\htdocs...', 138, Array)
#1 C:\xampp\htdocs\mejakita_list_belajar\app\Controllers\MateriBelajar.php(138): unlink('../public/files...')
#2 C:\xampp\htdocs\mejakita_list_belajar\system\CodeIgniter.php(918): App\Controllers\MateriBelajar->update('1')
#3 C:\xampp\htdocs\mejakita_list_belajar\system\CodeIgniter.php(404): CodeIgniter\CodeIgniter->runController(Object(App\Controllers\MateriBelajar))
#4 C:\xampp\htdocs\mejakita_list_belajar\system\CodeIgniter.php(312): CodeIgniter\CodeIgniter->handleRequest(NULL, Object(Config\Cache), false)
#5 C:\xampp\htdocs\mejakita_list_belajar\public\index.php(45): CodeIgniter\CodeIgniter->run()
#6 C:\xampp\htdocs\mejakita_list_belajar\system\Commands\Server\rewrite.php(34): require_once('C:\\xampp\\htdocs...')
#7 {main}
CRITICAL - 2021-04-14 01:10:15 --> The original file is not a valid file.
#0 C:\xampp\htdocs\mejakita_list_belajar\system\HTTP\Files\UploadedFile.php(172): CodeIgniter\HTTP\Exceptions\HTTPException::forInvalidFile()
#1 C:\xampp\htdocs\mejakita_list_belajar\app\Controllers\MateriBelajar.php(141): CodeIgniter\HTTP\Files\UploadedFile->move('../public/files')
#2 C:\xampp\htdocs\mejakita_list_belajar\system\CodeIgniter.php(918): App\Controllers\MateriBelajar->update('1')
#3 C:\xampp\htdocs\mejakita_list_belajar\system\CodeIgniter.php(404): CodeIgniter\CodeIgniter->runController(Object(App\Controllers\MateriBelajar))
#4 C:\xampp\htdocs\mejakita_list_belajar\system\CodeIgniter.php(312): CodeIgniter\CodeIgniter->handleRequest(NULL, Object(Config\Cache), false)
#5 C:\xampp\htdocs\mejakita_list_belajar\public\index.php(45): CodeIgniter\CodeIgniter->run()
#6 C:\xampp\htdocs\mejakita_list_belajar\system\Commands\Server\rewrite.php(34): require_once('C:\\xampp\\htdocs...')
#7 {main}
CRITICAL - 2021-04-14 01:12:25 --> Undefined variable: filename
#0 C:\xampp\htdocs\mejakita_list_belajar\app\Controllers\MateriBelajar.php(136): CodeIgniter\Debug\Exceptions->errorHandler(8, 'Undefined varia...', 'C:\\xampp\\htdocs...', 136, Array)
#1 C:\xampp\htdocs\mejakita_list_belajar\system\CodeIgniter.php(918): App\Controllers\MateriBelajar->update('1')
#2 C:\xampp\htdocs\mejakita_list_belajar\system\CodeIgniter.php(404): CodeIgniter\CodeIgniter->runController(Object(App\Controllers\MateriBelajar))
#3 C:\xampp\htdocs\mejakita_list_belajar\system\CodeIgniter.php(312): CodeIgniter\CodeIgniter->handleRequest(NULL, Object(Config\Cache), false)
#4 C:\xampp\htdocs\mejakita_list_belajar\public\index.php(45): CodeIgniter\CodeIgniter->run()
#5 C:\xampp\htdocs\mejakita_list_belajar\system\Commands\Server\rewrite.php(34): require_once('C:\\xampp\\htdocs...')
#6 {main}
CRITICAL - 2021-04-14 01:12:53 --> Undefined variable: filename
#0 C:\xampp\htdocs\mejakita_list_belajar\app\Controllers\MateriBelajar.php(136): CodeIgniter\Debug\Exceptions->errorHandler(8, 'Undefined varia...', 'C:\\xampp\\htdocs...', 136, Array)
#1 C:\xampp\htdocs\mejakita_list_belajar\system\CodeIgniter.php(918): App\Controllers\MateriBelajar->update('1')
#2 C:\xampp\htdocs\mejakita_list_belajar\system\CodeIgniter.php(404): CodeIgniter\CodeIgniter->runController(Object(App\Controllers\MateriBelajar))
#3 C:\xampp\htdocs\mejakita_list_belajar\system\CodeIgniter.php(312): CodeIgniter\CodeIgniter->handleRequest(NULL, Object(Config\Cache), false)
#4 C:\xampp\htdocs\mejakita_list_belajar\public\index.php(45): CodeIgniter\CodeIgniter->run()
#5 C:\xampp\htdocs\mejakita_list_belajar\system\Commands\Server\rewrite.php(34): require_once('C:\\xampp\\htdocs...')
#6 {main}
CRITICAL - 2021-04-14 01:16:50 --> syntax error, unexpected 'else' (T_ELSE), expecting function (T_FUNCTION) or const (T_CONST)
#0 C:\xampp\htdocs\mejakita_list_belajar\system\Autoloader\Autoloader.php(296): CodeIgniter\Autoloader\Autoloader->requireFile('C:\\xampp\\htdocs...')
#1 C:\xampp\htdocs\mejakita_list_belajar\system\Autoloader\Autoloader.php(258): CodeIgniter\Autoloader\Autoloader->loadInNamespace('App\\Controllers...')
#2 [internal function]: CodeIgniter\Autoloader\Autoloader->loadClass('App\\Controllers...')
#3 [internal function]: spl_autoload_call('App\\Controllers...')
#4 C:\xampp\htdocs\mejakita_list_belajar\system\CodeIgniter.php(869): class_exists('\\App\\Controller...', true)
#5 C:\xampp\htdocs\mejakita_list_belajar\system\CodeIgniter.php(394): CodeIgniter\CodeIgniter->startController()
#6 C:\xampp\htdocs\mejakita_list_belajar\system\CodeIgniter.php(312): CodeIgniter\CodeIgniter->handleRequest(NULL, Object(Config\Cache), false)
#7 C:\xampp\htdocs\mejakita_list_belajar\public\index.php(45): CodeIgniter\CodeIgniter->run()
#8 C:\xampp\htdocs\mejakita_list_belajar\system\Commands\Server\rewrite.php(34): require_once('C:\\xampp\\htdocs...')
#9 {main}
CRITICAL - 2021-04-14 01:19:19 --> unlink(../public/files/1.png): No such file or directory
#0 [internal function]: CodeIgniter\Debug\Exceptions->errorHandler(2, 'unlink(../publi...', 'C:\\xampp\\htdocs...', 139, Array)
#1 C:\xampp\htdocs\mejakita_list_belajar\app\Controllers\MateriBelajar.php(139): unlink('../public/files...')
#2 C:\xampp\htdocs\mejakita_list_belajar\system\CodeIgniter.php(918): App\Controllers\MateriBelajar->update('1')
#3 C:\xampp\htdocs\mejakita_list_belajar\system\CodeIgniter.php(404): CodeIgniter\CodeIgniter->runController(Object(App\Controllers\MateriBelajar))
#4 C:\xampp\htdocs\mejakita_list_belajar\system\CodeIgniter.php(312): CodeIgniter\CodeIgniter->handleRequest(NULL, Object(Config\Cache), false)
#5 C:\xampp\htdocs\mejakita_list_belajar\public\index.php(45): CodeIgniter\CodeIgniter->run()
#6 C:\xampp\htdocs\mejakita_list_belajar\system\Commands\Server\rewrite.php(34): require_once('C:\\xampp\\htdocs...')
#7 {main}
CRITICAL - 2021-04-14 01:22:26 --> unlink(../public/files/1.JPG): No such file or directory
#0 [internal function]: CodeIgniter\Debug\Exceptions->errorHandler(2, 'unlink(../publi...', 'C:\\xampp\\htdocs...', 139, Array)
#1 C:\xampp\htdocs\mejakita_list_belajar\app\Controllers\MateriBelajar.php(139): unlink('../public/files...')
#2 C:\xampp\htdocs\mejakita_list_belajar\system\CodeIgniter.php(918): App\Controllers\MateriBelajar->update('1')
#3 C:\xampp\htdocs\mejakita_list_belajar\system\CodeIgniter.php(404): CodeIgniter\CodeIgniter->runController(Object(App\Controllers\MateriBelajar))
#4 C:\xampp\htdocs\mejakita_list_belajar\system\CodeIgniter.php(312): CodeIgniter\CodeIgniter->handleRequest(NULL, Object(Config\Cache), false)
#5 C:\xampp\htdocs\mejakita_list_belajar\public\index.php(45): CodeIgniter\CodeIgniter->run()
#6 C:\xampp\htdocs\mejakita_list_belajar\system\Commands\Server\rewrite.php(34): require_once('C:\\xampp\\htdocs...')
#7 {main}
CRITICAL - 2021-04-14 01:28:15 --> unlink(../public/files/): Is a directory
#0 [internal function]: CodeIgniter\Debug\Exceptions->errorHandler(2, 'unlink(../publi...', 'C:\\xampp\\htdocs...', 139, Array)
#1 C:\xampp\htdocs\mejakita_list_belajar\app\Controllers\MateriBelajar.php(139): unlink('../public/files...')
#2 C:\xampp\htdocs\mejakita_list_belajar\system\CodeIgniter.php(918): App\Controllers\MateriBelajar->update('1')
#3 C:\xampp\htdocs\mejakita_list_belajar\system\CodeIgniter.php(404): CodeIgniter\CodeIgniter->runController(Object(App\Controllers\MateriBelajar))
#4 C:\xampp\htdocs\mejakita_list_belajar\system\CodeIgniter.php(312): CodeIgniter\CodeIgniter->handleRequest(NULL, Object(Config\Cache), false)
#5 C:\xampp\htdocs\mejakita_list_belajar\public\index.php(45): CodeIgniter\CodeIgniter->run()
#6 C:\xampp\htdocs\mejakita_list_belajar\system\Commands\Server\rewrite.php(34): require_once('C:\\xampp\\htdocs...')
#7 {main}
CRITICAL - 2021-04-14 01:28:31 --> unlink(../public/files/): Is a directory
#0 [internal function]: CodeIgniter\Debug\Exceptions->errorHandler(2, 'unlink(../publi...', 'C:\\xampp\\htdocs...', 139, Array)
#1 C:\xampp\htdocs\mejakita_list_belajar\app\Controllers\MateriBelajar.php(139): unlink('../public/files...')
#2 C:\xampp\htdocs\mejakita_list_belajar\system\CodeIgniter.php(918): App\Controllers\MateriBelajar->update('1')
#3 C:\xampp\htdocs\mejakita_list_belajar\system\CodeIgniter.php(404): CodeIgniter\CodeIgniter->runController(Object(App\Controllers\MateriBelajar))
#4 C:\xampp\htdocs\mejakita_list_belajar\system\CodeIgniter.php(312): CodeIgniter\CodeIgniter->handleRequest(NULL, Object(Config\Cache), false)
#5 C:\xampp\htdocs\mejakita_list_belajar\public\index.php(45): CodeIgniter\CodeIgniter->run()
#6 C:\xampp\htdocs\mejakita_list_belajar\system\Commands\Server\rewrite.php(34): require_once('C:\\xampp\\htdocs...')
#7 {main}
CRITICAL - 2021-04-14 01:49:29 --> unlink(../public/files/): Is a directory
#0 [internal function]: CodeIgniter\Debug\Exceptions->errorHandler(2, 'unlink(../publi...', 'C:\\xampp\\htdocs...', 139, Array)
#1 C:\xampp\htdocs\mejakita_list_belajar\app\Controllers\MateriBelajar.php(139): unlink('../public/files...')
#2 C:\xampp\htdocs\mejakita_list_belajar\system\CodeIgniter.php(918): App\Controllers\MateriBelajar->update('1')
#3 C:\xampp\htdocs\mejakita_list_belajar\system\CodeIgniter.php(404): CodeIgniter\CodeIgniter->runController(Object(App\Controllers\MateriBelajar))
#4 C:\xampp\htdocs\mejakita_list_belajar\system\CodeIgniter.php(312): CodeIgniter\CodeIgniter->handleRequest(NULL, Object(Config\Cache), false)
#5 C:\xampp\htdocs\mejakita_list_belajar\public\index.php(45): CodeIgniter\CodeIgniter->run()
#6 C:\xampp\htdocs\mejakita_list_belajar\system\Commands\Server\rewrite.php(34): require_once('C:\\xampp\\htdocs...')
#7 {main}
CRITICAL - 2021-04-14 02:04:41 --> Array to string conversion
#0 C:\xampp\htdocs\mejakita_list_belajar\app\Controllers\PlaylistBelajar.php(45): CodeIgniter\Debug\Exceptions->errorHandler(8, 'Array to string...', 'C:\\xampp\\htdocs...', 45, Array)
#1 C:\xampp\htdocs\mejakita_list_belajar\system\CodeIgniter.php(918): App\Controllers\PlaylistBelajar->show('1')
#2 C:\xampp\htdocs\mejakita_list_belajar\system\CodeIgniter.php(404): CodeIgniter\CodeIgniter->runController(Object(App\Controllers\PlaylistBelajar))
#3 C:\xampp\htdocs\mejakita_list_belajar\system\CodeIgniter.php(312): CodeIgniter\CodeIgniter->handleRequest(NULL, Object(Config\Cache), false)
#4 C:\xampp\htdocs\mejakita_list_belajar\public\index.php(45): CodeIgniter\CodeIgniter->run()
#5 C:\xampp\htdocs\mejakita_list_belajar\system\Commands\Server\rewrite.php(34): require_once('C:\\xampp\\htdocs...')
#6 {main}
CRITICAL - 2021-04-14 02:05:38 --> Cannot use object of type CodeIgniter\Database\MySQLi\Result as array
#0 C:\xampp\htdocs\mejakita_list_belajar\system\CodeIgniter.php(918): App\Controllers\PlaylistBelajar->show('1')
#1 C:\xampp\htdocs\mejakita_list_belajar\system\CodeIgniter.php(404): CodeIgniter\CodeIgniter->runController(Object(App\Controllers\PlaylistBelajar))
#2 C:\xampp\htdocs\mejakita_list_belajar\system\CodeIgniter.php(312): CodeIgniter\CodeIgniter->handleRequest(NULL, Object(Config\Cache), false)
#3 C:\xampp\htdocs\mejakita_list_belajar\public\index.php(45): CodeIgniter\CodeIgniter->run()
#4 C:\xampp\htdocs\mejakita_list_belajar\system\Commands\Server\rewrite.php(34): require_once('C:\\xampp\\htdocs...')
#5 {main}
CRITICAL - 2021-04-14 02:05:39 --> Cannot use object of type CodeIgniter\Database\MySQLi\Result as array
#0 C:\xampp\htdocs\mejakita_list_belajar\system\CodeIgniter.php(918): App\Controllers\PlaylistBelajar->show('1')
#1 C:\xampp\htdocs\mejakita_list_belajar\system\CodeIgniter.php(404): CodeIgniter\CodeIgniter->runController(Object(App\Controllers\PlaylistBelajar))
#2 C:\xampp\htdocs\mejakita_list_belajar\system\CodeIgniter.php(312): CodeIgniter\CodeIgniter->handleRequest(NULL, Object(Config\Cache), false)
#3 C:\xampp\htdocs\mejakita_list_belajar\public\index.php(45): CodeIgniter\CodeIgniter->run()
#4 C:\xampp\htdocs\mejakita_list_belajar\system\Commands\Server\rewrite.php(34): require_once('C:\\xampp\\htdocs...')
#5 {main}
CRITICAL - 2021-04-14 02:05:59 --> Undefined index: views
#0 C:\xampp\htdocs\mejakita_list_belajar\app\Controllers\PlaylistBelajar.php(35): CodeIgniter\Debug\Exceptions->errorHandler(8, 'Undefined index...', 'C:\\xampp\\htdocs...', 35, Array)
#1 C:\xampp\htdocs\mejakita_list_belajar\system\CodeIgniter.php(918): App\Controllers\PlaylistBelajar->show('1')
#2 C:\xampp\htdocs\mejakita_list_belajar\system\CodeIgniter.php(404): CodeIgniter\CodeIgniter->runController(Object(App\Controllers\PlaylistBelajar))
#3 C:\xampp\htdocs\mejakita_list_belajar\system\CodeIgniter.php(312): CodeIgniter\CodeIgniter->handleRequest(NULL, Object(Config\Cache), false)
#4 C:\xampp\htdocs\mejakita_list_belajar\public\index.php(45): CodeIgniter\CodeIgniter->run()
#5 C:\xampp\htdocs\mejakita_list_belajar\system\Commands\Server\rewrite.php(34): require_once('C:\\xampp\\htdocs...')
#6 {main}
CRITICAL - 2021-04-14 02:07:17 --> Array to string conversion
#0 C:\xampp\htdocs\mejakita_list_belajar\app\Controllers\PlaylistBelajar.php(46): CodeIgniter\Debug\Exceptions->errorHandler(8, 'Array to string...', 'C:\\xampp\\htdocs...', 46, Array)
#1 C:\xampp\htdocs\mejakita_list_belajar\system\CodeIgniter.php(918): App\Controllers\PlaylistBelajar->show('1')
#2 C:\xampp\htdocs\mejakita_list_belajar\system\CodeIgniter.php(404): CodeIgniter\CodeIgniter->runController(Object(App\Controllers\PlaylistBelajar))
#3 C:\xampp\htdocs\mejakita_list_belajar\system\CodeIgniter.php(312): CodeIgniter\CodeIgniter->handleRequest(NULL, Object(Config\Cache), false)
#4 C:\xampp\htdocs\mejakita_list_belajar\public\index.php(45): CodeIgniter\CodeIgniter->run()
#5 C:\xampp\htdocs\mejakita_list_belajar\system\Commands\Server\rewrite.php(34): require_once('C:\\xampp\\htdocs...')
#6 {main}
CRITICAL - 2021-04-14 02:07:39 --> Array to string conversion
#0 C:\xampp\htdocs\mejakita_list_belajar\app\Controllers\PlaylistBelajar.php(46): CodeIgniter\Debug\Exceptions->errorHandler(8, 'Array to string...', 'C:\\xampp\\htdocs...', 46, Array)
#1 C:\xampp\htdocs\mejakita_list_belajar\system\CodeIgniter.php(918): App\Controllers\PlaylistBelajar->show('1')
#2 C:\xampp\htdocs\mejakita_list_belajar\system\CodeIgniter.php(404): CodeIgniter\CodeIgniter->runController(Object(App\Controllers\PlaylistBelajar))
#3 C:\xampp\htdocs\mejakita_list_belajar\system\CodeIgniter.php(312): CodeIgniter\CodeIgniter->handleRequest(NULL, Object(Config\Cache), false)
#4 C:\xampp\htdocs\mejakita_list_belajar\public\index.php(45): CodeIgniter\CodeIgniter->run()
#5 C:\xampp\htdocs\mejakita_list_belajar\system\Commands\Server\rewrite.php(34): require_once('C:\\xampp\\htdocs...')
#6 {main}
CRITICAL - 2021-04-14 02:11:29 --> syntax error, unexpected 's' (T_STRING), expecting ']'
#0 C:\xampp\htdocs\mejakita_list_belajar\system\Autoloader\Autoloader.php(296): CodeIgniter\Autoloader\Autoloader->requireFile('C:\\xampp\\htdocs...')
#1 C:\xampp\htdocs\mejakita_list_belajar\system\Autoloader\Autoloader.php(258): CodeIgniter\Autoloader\Autoloader->loadInNamespace('App\\Controllers...')
#2 [internal function]: CodeIgniter\Autoloader\Autoloader->loadClass('App\\Controllers...')
#3 [internal function]: spl_autoload_call('App\\Controllers...')
#4 C:\xampp\htdocs\mejakita_list_belajar\system\CodeIgniter.php(869): class_exists('\\App\\Controller...', true)
#5 C:\xampp\htdocs\mejakita_list_belajar\system\CodeIgniter.php(394): CodeIgniter\CodeIgniter->startController()
#6 C:\xampp\htdocs\mejakita_list_belajar\system\CodeIgniter.php(312): CodeIgniter\CodeIgniter->handleRequest(NULL, Object(Config\Cache), false)
#7 C:\xampp\htdocs\mejakita_list_belajar\public\index.php(45): CodeIgniter\CodeIgniter->run()
#8 C:\xampp\htdocs\mejakita_list_belajar\system\Commands\Server\rewrite.php(34): require_once('C:\\xampp\\htdocs...')
#9 {main}
CRITICAL - 2021-04-14 02:11:46 --> Undefined index: isi
#0 C:\xampp\htdocs\mejakita_list_belajar\app\Controllers\PlaylistBelajar.php(48): CodeIgniter\Debug\Exceptions->errorHandler(8, 'Undefined index...', 'C:\\xampp\\htdocs...', 48, Array)
#1 C:\xampp\htdocs\mejakita_list_belajar\system\CodeIgniter.php(918): App\Controllers\PlaylistBelajar->show('1')
#2 C:\xampp\htdocs\mejakita_list_belajar\system\CodeIgniter.php(404): CodeIgniter\CodeIgniter->runController(Object(App\Controllers\PlaylistBelajar))
#3 C:\xampp\htdocs\mejakita_list_belajar\system\CodeIgniter.php(312): CodeIgniter\CodeIgniter->handleRequest(NULL, Object(Config\Cache), false)
#4 C:\xampp\htdocs\mejakita_list_belajar\public\index.php(45): CodeIgniter\CodeIgniter->run()
#5 C:\xampp\htdocs\mejakita_list_belajar\system\Commands\Server\rewrite.php(34): require_once('C:\\xampp\\htdocs...')
#6 {main}
CRITICAL - 2021-04-14 02:26:05 --> You must use the "set" method to update an entry.
#0 C:\xampp\htdocs\mejakita_list_belajar\system\Database\BaseBuilder.php(2430): CodeIgniter\Database\BaseBuilder->validateUpdate()
#1 C:\xampp\htdocs\mejakita_list_belajar\system\Model.php(889): CodeIgniter\Database\BaseBuilder->update()
#2 C:\xampp\htdocs\mejakita_list_belajar\app\Controllers\PlaylistBelajar.php(42): CodeIgniter\Model->update(Array, Array)
#3 C:\xampp\htdocs\mejakita_list_belajar\system\CodeIgniter.php(918): App\Controllers\PlaylistBelajar->show('1')
#4 C:\xampp\htdocs\mejakita_list_belajar\system\CodeIgniter.php(404): CodeIgniter\CodeIgniter->runController(Object(App\Controllers\PlaylistBelajar))
#5 C:\xampp\htdocs\mejakita_list_belajar\system\CodeIgniter.php(312): CodeIgniter\CodeIgniter->handleRequest(NULL, Object(Config\Cache), false)
#6 C:\xampp\htdocs\mejakita_list_belajar\public\index.php(45): CodeIgniter\CodeIgniter->run()
#7 C:\xampp\htdocs\mejakita_list_belajar\system\Commands\Server\rewrite.php(34): require_once('C:\\xampp\\htdocs...')
#8 {main}
CRITICAL - 2021-04-14 02:26:43 --> You must use the "set" method to update an entry.
#0 C:\xampp\htdocs\mejakita_list_belajar\system\Database\BaseBuilder.php(2430): CodeIgniter\Database\BaseBuilder->validateUpdate()
#1 C:\xampp\htdocs\mejakita_list_belajar\system\Model.php(889): CodeIgniter\Database\BaseBuilder->update()
#2 C:\xampp\htdocs\mejakita_list_belajar\app\Controllers\PlaylistBelajar.php(42): CodeIgniter\Model->update(Array, Array)
#3 C:\xampp\htdocs\mejakita_list_belajar\system\CodeIgniter.php(918): App\Controllers\PlaylistBelajar->show('1')
#4 C:\xampp\htdocs\mejakita_list_belajar\system\CodeIgniter.php(404): CodeIgniter\CodeIgniter->runController(Object(App\Controllers\PlaylistBelajar))
#5 C:\xampp\htdocs\mejakita_list_belajar\system\CodeIgniter.php(312): CodeIgniter\CodeIgniter->handleRequest(NULL, Object(Config\Cache), false)
#6 C:\xampp\htdocs\mejakita_list_belajar\public\index.php(45): CodeIgniter\CodeIgniter->run()
#7 C:\xampp\htdocs\mejakita_list_belajar\system\Commands\Server\rewrite.php(34): require_once('C:\\xampp\\htdocs...')
#8 {main}
CRITICAL - 2021-04-14 02:54:47 --> unlink(../public/files/profile/8c535395d5819fdb8ed82a2da895e4f3.png): No such file or directory
#0 [internal function]: CodeIgniter\Debug\Exceptions->errorHandler(2, 'unlink(../publi...', 'C:\\xampp\\htdocs...', 177, Array)
#1 C:\xampp\htdocs\mejakita_list_belajar\app\Controllers\PlaylistBelajar.php(177): unlink('../public/files...')
#2 C:\xampp\htdocs\mejakita_list_belajar\system\CodeIgniter.php(918): App\Controllers\PlaylistBelajar->delete('2')
#3 C:\xampp\htdocs\mejakita_list_belajar\system\CodeIgniter.php(404): CodeIgniter\CodeIgniter->runController(Object(App\Controllers\PlaylistBelajar))
#4 C:\xampp\htdocs\mejakita_list_belajar\system\CodeIgniter.php(312): CodeIgniter\CodeIgniter->handleRequest(NULL, Object(Config\Cache), false)
#5 C:\xampp\htdocs\mejakita_list_belajar\public\index.php(45): CodeIgniter\CodeIgniter->run()
#6 C:\xampp\htdocs\mejakita_list_belajar\system\Commands\Server\rewrite.php(34): require_once('C:\\xampp\\htdocs...')
#7 {main}
CRITICAL - 2021-04-14 02:55:17 --> unlink(../public/files/profile/8c535395d5819fdb8ed82a2da895e4f3.png): No such file or directory
#0 [internal function]: CodeIgniter\Debug\Exceptions->errorHandler(2, 'unlink(../publi...', 'C:\\xampp\\htdocs...', 177, Array)
#1 C:\xampp\htdocs\mejakita_list_belajar\app\Controllers\PlaylistBelajar.php(177): unlink('../public/files...')
#2 C:\xampp\htdocs\mejakita_list_belajar\system\CodeIgniter.php(918): App\Controllers\PlaylistBelajar->delete('2')
#3 C:\xampp\htdocs\mejakita_list_belajar\system\CodeIgniter.php(404): CodeIgniter\CodeIgniter->runController(Object(App\Controllers\PlaylistBelajar))
#4 C:\xampp\htdocs\mejakita_list_belajar\system\CodeIgniter.php(312): CodeIgniter\CodeIgniter->handleRequest(NULL, Object(Config\Cache), false)
#5 C:\xampp\htdocs\mejakita_list_belajar\public\index.php(45): CodeIgniter\CodeIgniter->run()
#6 C:\xampp\htdocs\mejakita_list_belajar\system\Commands\Server\rewrite.php(34): require_once('C:\\xampp\\htdocs...')
#7 {main}
