CRITICAL - 2021-04-13 23:07:33 --> Call to a member function guessExtension() on null
#0 C:\xampp\htdocs\mejakita_list_belajar\system\CodeIgniter.php(918): App\Controllers\MateriBelajar->create()
#1 C:\xampp\htdocs\mejakita_list_belajar\system\CodeIgniter.php(404): CodeIgniter\CodeIgniter->runController(Object(App\Controllers\MateriBelajar))
#2 C:\xampp\htdocs\mejakita_list_belajar\system\CodeIgniter.php(312): CodeIgniter\CodeIgniter->handleRequest(NULL, Object(Config\Cache), false)
#3 C:\xampp\htdocs\mejakita_list_belajar\public\index.php(45): CodeIgniter\CodeIgniter->run()
#4 C:\xampp\htdocs\mejakita_list_belajar\system\Commands\Server\rewrite.php(34): require_once('C:\\xampp\\htdocs...')
#5 {main}
CRITICAL - 2021-04-13 23:08:00 --> Call to a member function move() on null
#0 C:\xampp\htdocs\mejakita_list_belajar\system\CodeIgniter.php(918): App\Controllers\MateriBelajar->create()
#1 C:\xampp\htdocs\mejakita_list_belajar\system\CodeIgniter.php(404): CodeIgniter\CodeIgniter->runController(Object(App\Controllers\MateriBelajar))
#2 C:\xampp\htdocs\mejakita_list_belajar\system\CodeIgniter.php(312): CodeIgniter\CodeIgniter->handleRequest(NULL, Object(Config\Cache), false)
#3 C:\xampp\htdocs\mejakita_list_belajar\public\index.php(45): CodeIgniter\CodeIgniter->run()
#4 C:\xampp\htdocs\mejakita_list_belajar\system\Commands\Server\rewrite.php(34): require_once('C:\\xampp\\htdocs...')
#5 {main}
CRITICAL - 2021-04-13 23:08:56 --> Call to a member function guessExtension() on null
#0 C:\xampp\htdocs\mejakita_list_belajar\system\CodeIgniter.php(918): App\Controllers\MateriBelajar->create()
#1 C:\xampp\htdocs\mejakita_list_belajar\system\CodeIgniter.php(404): CodeIgniter\CodeIgniter->runController(Object(App\Controllers\MateriBelajar))
#2 C:\xampp\htdocs\mejakita_list_belajar\system\CodeIgniter.php(312): CodeIgniter\CodeIgniter->handleRequest(NULL, Object(Config\Cache), false)
#3 C:\xampp\htdocs\mejakita_list_belajar\public\index.php(45): CodeIgniter\CodeIgniter->run()
#4 C:\xampp\htdocs\mejakita_list_belajar\system\Commands\Server\rewrite.php(34): require_once('C:\\xampp\\htdocs...')
#5 {main}
CRITICAL - 2021-04-13 23:12:45 --> The original file is not a valid file.
#0 C:\xampp\htdocs\mejakita_list_belajar\system\HTTP\Files\UploadedFile.php(172): CodeIgniter\HTTP\Exceptions\HTTPException::forInvalidFile()
#1 C:\xampp\htdocs\mejakita_list_belajar\app\Controllers\MateriBelajar.php(75): CodeIgniter\HTTP\Files\UploadedFile->move('../public/files')
#2 C:\xampp\htdocs\mejakita_list_belajar\system\CodeIgniter.php(918): App\Controllers\MateriBelajar->create()
#3 C:\xampp\htdocs\mejakita_list_belajar\system\CodeIgniter.php(404): CodeIgniter\CodeIgniter->runController(Object(App\Controllers\MateriBelajar))
#4 C:\xampp\htdocs\mejakita_list_belajar\system\CodeIgniter.php(312): CodeIgniter\CodeIgniter->handleRequest(NULL, Object(Config\Cache), false)
#5 C:\xampp\htdocs\mejakita_list_belajar\public\index.php(45): CodeIgniter\CodeIgniter->run()
#6 C:\xampp\htdocs\mejakita_list_belajar\system\Commands\Server\rewrite.php(34): require_once('C:\\xampp\\htdocs...')
#7 {main}
CRITICAL - 2021-04-13 23:14:04 --> The original file is not a valid file.
#0 C:\xampp\htdocs\mejakita_list_belajar\system\HTTP\Files\UploadedFile.php(172): CodeIgniter\HTTP\Exceptions\HTTPException::forInvalidFile()
#1 C:\xampp\htdocs\mejakita_list_belajar\app\Controllers\MateriBelajar.php(75): CodeIgniter\HTTP\Files\UploadedFile->move('../public/files')
#2 C:\xampp\htdocs\mejakita_list_belajar\system\CodeIgniter.php(918): App\Controllers\MateriBelajar->create()
#3 C:\xampp\htdocs\mejakita_list_belajar\system\CodeIgniter.php(404): CodeIgniter\CodeIgniter->runController(Object(App\Controllers\MateriBelajar))
#4 C:\xampp\htdocs\mejakita_list_belajar\system\CodeIgniter.php(312): CodeIgniter\CodeIgniter->handleRequest(NULL, Object(Config\Cache), false)
#5 C:\xampp\htdocs\mejakita_list_belajar\public\index.php(45): CodeIgniter\CodeIgniter->run()
#6 C:\xampp\htdocs\mejakita_list_belajar\system\Commands\Server\rewrite.php(34): require_once('C:\\xampp\\htdocs...')
#7 {main}
CRITICAL - 2021-04-13 23:18:56 --> The original file is not a valid file.
#0 C:\xampp\htdocs\mejakita_list_belajar\system\HTTP\Files\UploadedFile.php(172): CodeIgniter\HTTP\Exceptions\HTTPException::forInvalidFile()
#1 C:\xampp\htdocs\mejakita_list_belajar\app\Controllers\MateriBelajar.php(75): CodeIgniter\HTTP\Files\UploadedFile->move('../public/files')
#2 C:\xampp\htdocs\mejakita_list_belajar\system\CodeIgniter.php(918): App\Controllers\MateriBelajar->create()
#3 C:\xampp\htdocs\mejakita_list_belajar\system\CodeIgniter.php(404): CodeIgniter\CodeIgniter->runController(Object(App\Controllers\MateriBelajar))
#4 C:\xampp\htdocs\mejakita_list_belajar\system\CodeIgniter.php(312): CodeIgniter\CodeIgniter->handleRequest(NULL, Object(Config\Cache), false)
#5 C:\xampp\htdocs\mejakita_list_belajar\public\index.php(45): CodeIgniter\CodeIgniter->run()
#6 C:\xampp\htdocs\mejakita_list_belajar\system\Commands\Server\rewrite.php(34): require_once('C:\\xampp\\htdocs...')
#7 {main}
CRITICAL - 2021-04-13 23:25:50 --> The original file is not a valid file.
#0 C:\xampp\htdocs\mejakita_list_belajar\system\HTTP\Files\UploadedFile.php(172): CodeIgniter\HTTP\Exceptions\HTTPException::forInvalidFile()
#1 C:\xampp\htdocs\mejakita_list_belajar\app\Controllers\MateriBelajar.php(75): CodeIgniter\HTTP\Files\UploadedFile->move('../public/files')
#2 C:\xampp\htdocs\mejakita_list_belajar\system\CodeIgniter.php(918): App\Controllers\MateriBelajar->create()
#3 C:\xampp\htdocs\mejakita_list_belajar\system\CodeIgniter.php(404): CodeIgniter\CodeIgniter->runController(Object(App\Controllers\MateriBelajar))
#4 C:\xampp\htdocs\mejakita_list_belajar\system\CodeIgniter.php(312): CodeIgniter\CodeIgniter->handleRequest(NULL, Object(Config\Cache), false)
#5 C:\xampp\htdocs\mejakita_list_belajar\public\index.php(45): CodeIgniter\CodeIgniter->run()
#6 C:\xampp\htdocs\mejakita_list_belajar\system\Commands\Server\rewrite.php(34): require_once('C:\\xampp\\htdocs...')
#7 {main}
CRITICAL - 2021-04-13 23:26:02 --> Call to a member function guessExtension() on null
#0 C:\xampp\htdocs\mejakita_list_belajar\system\CodeIgniter.php(918): App\Controllers\MateriBelajar->create()
#1 C:\xampp\htdocs\mejakita_list_belajar\system\CodeIgniter.php(404): CodeIgniter\CodeIgniter->runController(Object(App\Controllers\MateriBelajar))
#2 C:\xampp\htdocs\mejakita_list_belajar\system\CodeIgniter.php(312): CodeIgniter\CodeIgniter->handleRequest(NULL, Object(Config\Cache), false)
#3 C:\xampp\htdocs\mejakita_list_belajar\public\index.php(45): CodeIgniter\CodeIgniter->run()
#4 C:\xampp\htdocs\mejakita_list_belajar\system\Commands\Server\rewrite.php(34): require_once('C:\\xampp\\htdocs...')
#5 {main}
CRITICAL - 2021-04-13 23:28:45 --> The original file is not a valid file.
#0 C:\xampp\htdocs\mejakita_list_belajar\system\HTTP\Files\UploadedFile.php(172): CodeIgniter\HTTP\Exceptions\HTTPException::forInvalidFile()
#1 C:\xampp\htdocs\mejakita_list_belajar\app\Controllers\MateriBelajar.php(76): CodeIgniter\HTTP\Files\UploadedFile->move('../public/files')
#2 C:\xampp\htdocs\mejakita_list_belajar\system\CodeIgniter.php(918): App\Controllers\MateriBelajar->create()
#3 C:\xampp\htdocs\mejakita_list_belajar\system\CodeIgniter.php(404): CodeIgniter\CodeIgniter->runController(Object(App\Controllers\MateriBelajar))
#4 C:\xampp\htdocs\mejakita_list_belajar\system\CodeIgniter.php(312): CodeIgniter\CodeIgniter->handleRequest(NULL, Object(Config\Cache), false)
#5 C:\xampp\htdocs\mejakita_list_belajar\public\index.php(45): CodeIgniter\CodeIgniter->run()
#6 C:\xampp\htdocs\mejakita_list_belajar\system\Commands\Server\rewrite.php(34): require_once('C:\\xampp\\htdocs...')
#7 {main}
CRITICAL - 2021-04-13 23:31:47 --> The original file is not a valid file.
#0 C:\xampp\htdocs\mejakita_list_belajar\system\HTTP\Files\UploadedFile.php(172): CodeIgniter\HTTP\Exceptions\HTTPException::forInvalidFile()
#1 C:\xampp\htdocs\mejakita_list_belajar\app\Controllers\MateriBelajar.php(76): CodeIgniter\HTTP\Files\UploadedFile->move('../public/files')
#2 C:\xampp\htdocs\mejakita_list_belajar\system\CodeIgniter.php(918): App\Controllers\MateriBelajar->create()
#3 C:\xampp\htdocs\mejakita_list_belajar\system\CodeIgniter.php(404): CodeIgniter\CodeIgniter->runController(Object(App\Controllers\MateriBelajar))
#4 C:\xampp\htdocs\mejakita_list_belajar\system\CodeIgniter.php(312): CodeIgniter\CodeIgniter->handleRequest(NULL, Object(Config\Cache), false)
#5 C:\xampp\htdocs\mejakita_list_belajar\public\index.php(45): CodeIgniter\CodeIgniter->run()
#6 C:\xampp\htdocs\mejakita_list_belajar\system\Commands\Server\rewrite.php(34): require_once('C:\\xampp\\htdocs...')
#7 {main}
CRITICAL - 2021-04-13 23:35:13 --> The original file is not a valid file.
#0 C:\xampp\htdocs\mejakita_list_belajar\system\HTTP\Files\UploadedFile.php(172): CodeIgniter\HTTP\Exceptions\HTTPException::forInvalidFile()
#1 C:\xampp\htdocs\mejakita_list_belajar\app\Controllers\MateriBelajar.php(75): CodeIgniter\HTTP\Files\UploadedFile->move('../public/files')
#2 C:\xampp\htdocs\mejakita_list_belajar\system\CodeIgniter.php(918): App\Controllers\MateriBelajar->create()
#3 C:\xampp\htdocs\mejakita_list_belajar\system\CodeIgniter.php(404): CodeIgniter\CodeIgniter->runController(Object(App\Controllers\MateriBelajar))
#4 C:\xampp\htdocs\mejakita_list_belajar\system\CodeIgniter.php(312): CodeIgniter\CodeIgniter->handleRequest(NULL, Object(Config\Cache), false)
#5 C:\xampp\htdocs\mejakita_list_belajar\public\index.php(45): CodeIgniter\CodeIgniter->run()
#6 C:\xampp\htdocs\mejakita_list_belajar\system\Commands\Server\rewrite.php(34): require_once('C:\\xampp\\htdocs...')
#7 {main}
CRITICAL - 2021-04-13 23:35:49 --> The original file is not a valid file.
#0 C:\xampp\htdocs\mejakita_list_belajar\system\HTTP\Files\UploadedFile.php(172): CodeIgniter\HTTP\Exceptions\HTTPException::forInvalidFile()
#1 C:\xampp\htdocs\mejakita_list_belajar\app\Controllers\MateriBelajar.php(75): CodeIgniter\HTTP\Files\UploadedFile->move('../public/files')
#2 C:\xampp\htdocs\mejakita_list_belajar\system\CodeIgniter.php(918): App\Controllers\MateriBelajar->create()
#3 C:\xampp\htdocs\mejakita_list_belajar\system\CodeIgniter.php(404): CodeIgniter\CodeIgniter->runController(Object(App\Controllers\MateriBelajar))
#4 C:\xampp\htdocs\mejakita_list_belajar\system\CodeIgniter.php(312): CodeIgniter\CodeIgniter->handleRequest(NULL, Object(Config\Cache), false)
#5 C:\xampp\htdocs\mejakita_list_belajar\public\index.php(45): CodeIgniter\CodeIgniter->run()
#6 C:\xampp\htdocs\mejakita_list_belajar\system\Commands\Server\rewrite.php(34): require_once('C:\\xampp\\htdocs...')
#7 {main}
CRITICAL - 2021-04-13 23:35:54 --> Call to a member function guessExtension() on null
#0 C:\xampp\htdocs\mejakita_list_belajar\system\CodeIgniter.php(918): App\Controllers\MateriBelajar->create()
#1 C:\xampp\htdocs\mejakita_list_belajar\system\CodeIgniter.php(404): CodeIgniter\CodeIgniter->runController(Object(App\Controllers\MateriBelajar))
#2 C:\xampp\htdocs\mejakita_list_belajar\system\CodeIgniter.php(312): CodeIgniter\CodeIgniter->handleRequest(NULL, Object(Config\Cache), false)
#3 C:\xampp\htdocs\mejakita_list_belajar\public\index.php(45): CodeIgniter\CodeIgniter->run()
#4 C:\xampp\htdocs\mejakita_list_belajar\system\Commands\Server\rewrite.php(34): require_once('C:\\xampp\\htdocs...')
#5 {main}
CRITICAL - 2021-04-13 23:35:58 --> The original file is not a valid file.
#0 C:\xampp\htdocs\mejakita_list_belajar\system\HTTP\Files\UploadedFile.php(172): CodeIgniter\HTTP\Exceptions\HTTPException::forInvalidFile()
#1 C:\xampp\htdocs\mejakita_list_belajar\app\Controllers\MateriBelajar.php(75): CodeIgniter\HTTP\Files\UploadedFile->move('../public/files')
#2 C:\xampp\htdocs\mejakita_list_belajar\system\CodeIgniter.php(918): App\Controllers\MateriBelajar->create()
#3 C:\xampp\htdocs\mejakita_list_belajar\system\CodeIgniter.php(404): CodeIgniter\CodeIgniter->runController(Object(App\Controllers\MateriBelajar))
#4 C:\xampp\htdocs\mejakita_list_belajar\system\CodeIgniter.php(312): CodeIgniter\CodeIgniter->handleRequest(NULL, Object(Config\Cache), false)
#5 C:\xampp\htdocs\mejakita_list_belajar\public\index.php(45): CodeIgniter\CodeIgniter->run()
#6 C:\xampp\htdocs\mejakita_list_belajar\system\Commands\Server\rewrite.php(34): require_once('C:\\xampp\\htdocs...')
#7 {main}
CRITICAL - 2021-04-13 23:43:12 --> The original file is not a valid file.
#0 C:\xampp\htdocs\mejakita_list_belajar\system\HTTP\Files\UploadedFile.php(172): CodeIgniter\HTTP\Exceptions\HTTPException::forInvalidFile()
#1 C:\xampp\htdocs\mejakita_list_belajar\app\Controllers\MateriBelajar.php(76): CodeIgniter\HTTP\Files\UploadedFile->move('../public/files')
#2 C:\xampp\htdocs\mejakita_list_belajar\system\CodeIgniter.php(918): App\Controllers\MateriBelajar->create()
#3 C:\xampp\htdocs\mejakita_list_belajar\system\CodeIgniter.php(404): CodeIgniter\CodeIgniter->runController(Object(App\Controllers\MateriBelajar))
#4 C:\xampp\htdocs\mejakita_list_belajar\system\CodeIgniter.php(312): CodeIgniter\CodeIgniter->handleRequest(NULL, Object(Config\Cache), false)
#5 C:\xampp\htdocs\mejakita_list_belajar\public\index.php(45): CodeIgniter\CodeIgniter->run()
#6 C:\xampp\htdocs\mejakita_list_belajar\system\Commands\Server\rewrite.php(34): require_once('C:\\xampp\\htdocs...')
#7 {main}
CRITICAL - 2021-04-13 23:44:18 --> Call to a member function getName() on null
#0 C:\xampp\htdocs\mejakita_list_belajar\system\CodeIgniter.php(918): App\Controllers\MateriBelajar->create()
#1 C:\xampp\htdocs\mejakita_list_belajar\system\CodeIgniter.php(404): CodeIgniter\CodeIgniter->runController(Object(App\Controllers\MateriBelajar))
#2 C:\xampp\htdocs\mejakita_list_belajar\system\CodeIgniter.php(312): CodeIgniter\CodeIgniter->handleRequest(NULL, Object(Config\Cache), false)
#3 C:\xampp\htdocs\mejakita_list_belajar\public\index.php(45): CodeIgniter\CodeIgniter->run()
#4 C:\xampp\htdocs\mejakita_list_belajar\system\Commands\Server\rewrite.php(34): require_once('C:\\xampp\\htdocs...')
#5 {main}
CRITICAL - 2021-04-13 23:47:17 --> Undefined variable: filename
#0 C:\xampp\htdocs\mejakita_list_belajar\app\Controllers\MateriBelajar.php(135): CodeIgniter\Debug\Exceptions->errorHandler(8, 'Undefined varia...', 'C:\\xampp\\htdocs...', 135, Array)
#1 C:\xampp\htdocs\mejakita_list_belajar\system\CodeIgniter.php(918): App\Controllers\MateriBelajar->update('1')
#2 C:\xampp\htdocs\mejakita_list_belajar\system\CodeIgniter.php(404): CodeIgniter\CodeIgniter->runController(Object(App\Controllers\MateriBelajar))
#3 C:\xampp\htdocs\mejakita_list_belajar\system\CodeIgniter.php(312): CodeIgniter\CodeIgniter->handleRequest(NULL, Object(Config\Cache), false)
#4 C:\xampp\htdocs\mejakita_list_belajar\public\index.php(45): CodeIgniter\CodeIgniter->run()
#5 C:\xampp\htdocs\mejakita_list_belajar\system\Commands\Server\rewrite.php(34): require_once('C:\\xampp\\htdocs...')
#6 {main}
CRITICAL - 2021-04-13 23:49:04 --> The original file is not a valid file.
#0 C:\xampp\htdocs\mejakita_list_belajar\system\HTTP\Files\UploadedFile.php(172): CodeIgniter\HTTP\Exceptions\HTTPException::forInvalidFile()
#1 C:\xampp\htdocs\mejakita_list_belajar\app\Controllers\MateriBelajar.php(136): CodeIgniter\HTTP\Files\UploadedFile->move('../public/files')
#2 C:\xampp\htdocs\mejakita_list_belajar\system\CodeIgniter.php(918): App\Controllers\MateriBelajar->update('1')
#3 C:\xampp\htdocs\mejakita_list_belajar\system\CodeIgniter.php(404): CodeIgniter\CodeIgniter->runController(Object(App\Controllers\MateriBelajar))
#4 C:\xampp\htdocs\mejakita_list_belajar\system\CodeIgniter.php(312): CodeIgniter\CodeIgniter->handleRequest(NULL, Object(Config\Cache), false)
#5 C:\xampp\htdocs\mejakita_list_belajar\public\index.php(45): CodeIgniter\CodeIgniter->run()
#6 C:\xampp\htdocs\mejakita_list_belajar\system\Commands\Server\rewrite.php(34): require_once('C:\\xampp\\htdocs...')
#7 {main}
CRITICAL - 2021-04-13 23:50:28 --> unlink(../public/files/1_1.JPG): No such file or directory
#0 [internal function]: CodeIgniter\Debug\Exceptions->errorHandler(2, 'unlink(../publi...', 'C:\\xampp\\htdocs...', 134, Array)
#1 C:\xampp\htdocs\mejakita_list_belajar\app\Controllers\MateriBelajar.php(134): unlink('../public/files...')
#2 C:\xampp\htdocs\mejakita_list_belajar\system\CodeIgniter.php(918): App\Controllers\MateriBelajar->update('1')
#3 C:\xampp\htdocs\mejakita_list_belajar\system\CodeIgniter.php(404): CodeIgniter\CodeIgniter->runController(Object(App\Controllers\MateriBelajar))
#4 C:\xampp\htdocs\mejakita_list_belajar\system\CodeIgniter.php(312): CodeIgniter\CodeIgniter->handleRequest(NULL, Object(Config\Cache), false)
#5 C:\xampp\htdocs\mejakita_list_belajar\public\index.php(45): CodeIgniter\CodeIgniter->run()
#6 C:\xampp\htdocs\mejakita_list_belajar\system\Commands\Server\rewrite.php(34): require_once('C:\\xampp\\htdocs...')
#7 {main}
CRITICAL - 2021-04-13 23:51:50 --> unlink(../public/files/): Is a directory
#0 [internal function]: CodeIgniter\Debug\Exceptions->errorHandler(2, 'unlink(../publi...', 'C:\\xampp\\htdocs...', 134, Array)
#1 C:\xampp\htdocs\mejakita_list_belajar\app\Controllers\MateriBelajar.php(134): unlink('../public/files...')
#2 C:\xampp\htdocs\mejakita_list_belajar\system\CodeIgniter.php(918): App\Controllers\MateriBelajar->update('1')
#3 C:\xampp\htdocs\mejakita_list_belajar\system\CodeIgniter.php(404): CodeIgniter\CodeIgniter->runController(Object(App\Controllers\MateriBelajar))
#4 C:\xampp\htdocs\mejakita_list_belajar\system\CodeIgniter.php(312): CodeIgniter\CodeIgniter->handleRequest(NULL, Object(Config\Cache), false)
#5 C:\xampp\htdocs\mejakita_list_belajar\public\index.php(45): CodeIgniter\CodeIgniter->run()
#6 C:\xampp\htdocs\mejakita_list_belajar\system\Commands\Server\rewrite.php(34): require_once('C:\\xampp\\htdocs...')
#7 {main}
CRITICAL - 2021-04-13 23:53:09 --> unlink(../public/files/): Is a directory
#0 [internal function]: CodeIgniter\Debug\Exceptions->errorHandler(2, 'unlink(../publi...', 'C:\\xampp\\htdocs...', 134, Array)
#1 C:\xampp\htdocs\mejakita_list_belajar\app\Controllers\MateriBelajar.php(134): unlink('../public/files...')
#2 C:\xampp\htdocs\mejakita_list_belajar\system\CodeIgniter.php(918): App\Controllers\MateriBelajar->update('2')
#3 C:\xampp\htdocs\mejakita_list_belajar\system\CodeIgniter.php(404): CodeIgniter\CodeIgniter->runController(Object(App\Controllers\MateriBelajar))
#4 C:\xampp\htdocs\mejakita_list_belajar\system\CodeIgniter.php(312): CodeIgniter\CodeIgniter->handleRequest(NULL, Object(Config\Cache), false)
#5 C:\xampp\htdocs\mejakita_list_belajar\public\index.php(45): CodeIgniter\CodeIgniter->run()
#6 C:\xampp\htdocs\mejakita_list_belajar\system\Commands\Server\rewrite.php(34): require_once('C:\\xampp\\htdocs...')
#7 {main}
CRITICAL - 2021-04-13 23:55:32 --> unlink(../public/files/): Is a directory
#0 [internal function]: CodeIgniter\Debug\Exceptions->errorHandler(2, 'unlink(../publi...', 'C:\\xampp\\htdocs...', 177, Array)
#1 C:\xampp\htdocs\mejakita_list_belajar\app\Controllers\MateriBelajar.php(177): unlink('../public/files...')
#2 C:\xampp\htdocs\mejakita_list_belajar\system\CodeIgniter.php(918): App\Controllers\MateriBelajar->delete('2')
#3 C:\xampp\htdocs\mejakita_list_belajar\system\CodeIgniter.php(404): CodeIgniter\CodeIgniter->runController(Object(App\Controllers\MateriBelajar))
#4 C:\xampp\htdocs\mejakita_list_belajar\system\CodeIgniter.php(312): CodeIgniter\CodeIgniter->handleRequest(NULL, Object(Config\Cache), false)
#5 C:\xampp\htdocs\mejakita_list_belajar\public\index.php(45): CodeIgniter\CodeIgniter->run()
#6 C:\xampp\htdocs\mejakita_list_belajar\system\Commands\Server\rewrite.php(34): require_once('C:\\xampp\\htdocs...')
#7 {main}
CRITICAL - 2021-04-13 23:56:58 --> unlink(../public/files/1.JPG): No such file or directory
#0 [internal function]: CodeIgniter\Debug\Exceptions->errorHandler(2, 'unlink(../publi...', 'C:\\xampp\\htdocs...', 178, Array)
#1 C:\xampp\htdocs\mejakita_list_belajar\app\Controllers\MateriBelajar.php(178): unlink('../public/files...')
#2 C:\xampp\htdocs\mejakita_list_belajar\system\CodeIgniter.php(918): App\Controllers\MateriBelajar->delete('1')
#3 C:\xampp\htdocs\mejakita_list_belajar\system\CodeIgniter.php(404): CodeIgniter\CodeIgniter->runController(Object(App\Controllers\MateriBelajar))
#4 C:\xampp\htdocs\mejakita_list_belajar\system\CodeIgniter.php(312): CodeIgniter\CodeIgniter->handleRequest(NULL, Object(Config\Cache), false)
#5 C:\xampp\htdocs\mejakita_list_belajar\public\index.php(45): CodeIgniter\CodeIgniter->run()
#6 C:\xampp\htdocs\mejakita_list_belajar\system\Commands\Server\rewrite.php(34): require_once('C:\\xampp\\htdocs...')
#7 {main}
