CRITICAL - 2021-04-06 02:59:33 --> Undefined variable: Route
#0 C:\xampp\htdocs\list_belajar\app\Config\Routes.php(35): CodeIgniter\Debug\Exceptions->errorHandler(8, 'Undefined varia...', 'C:\\xampp\\htdocs...', 35, Array)
#1 C:\xampp\htdocs\list_belajar\system\CodeIgniter.php(780): require('C:\\xampp\\htdocs...')
#2 C:\xampp\htdocs\list_belajar\system\CodeIgniter.php(364): CodeIgniter\CodeIgniter->tryToRouteIt(Object(CodeIgniter\Router\RouteCollection))
#3 C:\xampp\htdocs\list_belajar\system\CodeIgniter.php(312): CodeIgniter\CodeIgniter->handleRequest(NULL, Object(Config\Cache), false)
#4 C:\xampp\htdocs\list_belajar\system\CLI\Console.php(86): CodeIgniter\CodeIgniter->run()
#5 C:\xampp\htdocs\list_belajar\spark(57): CodeIgniter\CLI\Console->run()
#6 {main}
CRITICAL - 2021-04-06 03:07:48 --> Undefined index: product_name
#0 C:\xampp\htdocs\list_belajar\app\Controllers\PlaylistBelajar.php(61): CodeIgniter\Debug\Exceptions->errorHandler(8, 'Undefined index...', 'C:\\xampp\\htdocs...', 61, Array)
#1 C:\xampp\htdocs\list_belajar\system\CodeIgniter.php(918): App\Controllers\PlaylistBelajar->update('2')
#2 C:\xampp\htdocs\list_belajar\system\CodeIgniter.php(404): CodeIgniter\CodeIgniter->runController(Object(App\Controllers\PlaylistBelajar))
#3 C:\xampp\htdocs\list_belajar\system\CodeIgniter.php(312): CodeIgniter\CodeIgniter->handleRequest(NULL, Object(Config\Cache), false)
#4 C:\xampp\htdocs\list_belajar\public\index.php(45): CodeIgniter\CodeIgniter->run()
#5 C:\xampp\htdocs\list_belajar\system\Commands\Server\rewrite.php(34): require_once('C:\\xampp\\htdocs...')
#6 {main}
CRITICAL - 2021-04-06 03:08:00 --> Undefined index: product_name
#0 C:\xampp\htdocs\list_belajar\app\Controllers\PlaylistBelajar.php(61): CodeIgniter\Debug\Exceptions->errorHandler(8, 'Undefined index...', 'C:\\xampp\\htdocs...', 61, Array)
#1 C:\xampp\htdocs\list_belajar\system\CodeIgniter.php(918): App\Controllers\PlaylistBelajar->update('2')
#2 C:\xampp\htdocs\list_belajar\system\CodeIgniter.php(404): CodeIgniter\CodeIgniter->runController(Object(App\Controllers\PlaylistBelajar))
#3 C:\xampp\htdocs\list_belajar\system\CodeIgniter.php(312): CodeIgniter\CodeIgniter->handleRequest(NULL, Object(Config\Cache), false)
#4 C:\xampp\htdocs\list_belajar\public\index.php(45): CodeIgniter\CodeIgniter->run()
#5 C:\xampp\htdocs\list_belajar\system\Commands\Server\rewrite.php(34): require_once('C:\\xampp\\htdocs...')
#6 {main}
CRITICAL - 2021-04-06 03:08:05 --> Undefined index: product_name
#0 C:\xampp\htdocs\list_belajar\app\Controllers\PlaylistBelajar.php(61): CodeIgniter\Debug\Exceptions->errorHandler(8, 'Undefined index...', 'C:\\xampp\\htdocs...', 61, Array)
#1 C:\xampp\htdocs\list_belajar\system\CodeIgniter.php(918): App\Controllers\PlaylistBelajar->update('2')
#2 C:\xampp\htdocs\list_belajar\system\CodeIgniter.php(404): CodeIgniter\CodeIgniter->runController(Object(App\Controllers\PlaylistBelajar))
#3 C:\xampp\htdocs\list_belajar\system\CodeIgniter.php(312): CodeIgniter\CodeIgniter->handleRequest(NULL, Object(Config\Cache), false)
#4 C:\xampp\htdocs\list_belajar\public\index.php(45): CodeIgniter\CodeIgniter->run()
#5 C:\xampp\htdocs\list_belajar\system\Commands\Server\rewrite.php(34): require_once('C:\\xampp\\htdocs...')
#6 {main}
CRITICAL - 2021-04-06 03:08:05 --> Undefined index: product_name
#0 C:\xampp\htdocs\list_belajar\app\Controllers\PlaylistBelajar.php(61): CodeIgniter\Debug\Exceptions->errorHandler(8, 'Undefined index...', 'C:\\xampp\\htdocs...', 61, Array)
#1 C:\xampp\htdocs\list_belajar\system\CodeIgniter.php(918): App\Controllers\PlaylistBelajar->update('2')
#2 C:\xampp\htdocs\list_belajar\system\CodeIgniter.php(404): CodeIgniter\CodeIgniter->runController(Object(App\Controllers\PlaylistBelajar))
#3 C:\xampp\htdocs\list_belajar\system\CodeIgniter.php(312): CodeIgniter\CodeIgniter->handleRequest(NULL, Object(Config\Cache), false)
#4 C:\xampp\htdocs\list_belajar\public\index.php(45): CodeIgniter\CodeIgniter->run()
#5 C:\xampp\htdocs\list_belajar\system\Commands\Server\rewrite.php(34): require_once('C:\\xampp\\htdocs...')
#6 {main}
CRITICAL - 2021-04-06 03:10:37 --> Undefined index: profile_pict
#0 C:\xampp\htdocs\list_belajar\app\Controllers\PlaylistBelajar.php(61): CodeIgniter\Debug\Exceptions->errorHandler(8, 'Undefined index...', 'C:\\xampp\\htdocs...', 61, Array)
#1 C:\xampp\htdocs\list_belajar\system\CodeIgniter.php(918): App\Controllers\PlaylistBelajar->update('2')
#2 C:\xampp\htdocs\list_belajar\system\CodeIgniter.php(404): CodeIgniter\CodeIgniter->runController(Object(App\Controllers\PlaylistBelajar))
#3 C:\xampp\htdocs\list_belajar\system\CodeIgniter.php(312): CodeIgniter\CodeIgniter->handleRequest(NULL, Object(Config\Cache), false)
#4 C:\xampp\htdocs\list_belajar\public\index.php(45): CodeIgniter\CodeIgniter->run()
#5 C:\xampp\htdocs\list_belajar\system\Commands\Server\rewrite.php(34): require_once('C:\\xampp\\htdocs...')
#6 {main}
CRITICAL - 2021-04-06 07:40:54 --> Column 'id_playlist' cannot be null
#0 C:\xampp\htdocs\list_belajar\system\Database\MySQLi\Connection.php(331): mysqli->query('INSERT INTO `ma...')
#1 C:\xampp\htdocs\list_belajar\system\Database\BaseConnection.php(741): CodeIgniter\Database\MySQLi\Connection->execute('INSERT INTO `ma...')
#2 C:\xampp\htdocs\list_belajar\system\Database\BaseConnection.php(669): CodeIgniter\Database\BaseConnection->simpleQuery('INSERT INTO `ma...')
#3 C:\xampp\htdocs\list_belajar\system\Database\BaseBuilder.php(2249): CodeIgniter\Database\BaseConnection->query('INSERT INTO `ma...', Array, false)
#4 C:\xampp\htdocs\list_belajar\system\Model.php(755): CodeIgniter\Database\BaseBuilder->insert()
#5 C:\xampp\htdocs\list_belajar\app\Controllers\MateriBelajar.php(41): CodeIgniter\Model->insert(Array)
#6 C:\xampp\htdocs\list_belajar\system\CodeIgniter.php(918): App\Controllers\MateriBelajar->create()
#7 C:\xampp\htdocs\list_belajar\system\CodeIgniter.php(404): CodeIgniter\CodeIgniter->runController(Object(App\Controllers\MateriBelajar))
#8 C:\xampp\htdocs\list_belajar\system\CodeIgniter.php(312): CodeIgniter\CodeIgniter->handleRequest(NULL, Object(Config\Cache), false)
#9 C:\xampp\htdocs\list_belajar\public\index.php(45): CodeIgniter\CodeIgniter->run()
#10 C:\xampp\htdocs\list_belajar\system\Commands\Server\rewrite.php(34): require_once('C:\\xampp\\htdocs...')
#11 {main}
CRITICAL - 2021-04-06 10:56:35 --> syntax error, unexpected ';', expecting ']'
#0 C:\xampp\htdocs\list_belajar\system\Autoloader\Autoloader.php(296): CodeIgniter\Autoloader\Autoloader->requireFile('C:\\xampp\\htdocs...')
#1 C:\xampp\htdocs\list_belajar\system\Autoloader\Autoloader.php(258): CodeIgniter\Autoloader\Autoloader->loadInNamespace('App\\Controllers...')
#2 [internal function]: CodeIgniter\Autoloader\Autoloader->loadClass('App\\Controllers...')
#3 [internal function]: spl_autoload_call('App\\Controllers...')
#4 C:\xampp\htdocs\list_belajar\system\CodeIgniter.php(869): class_exists('\\App\\Controller...', true)
#5 C:\xampp\htdocs\list_belajar\system\CodeIgniter.php(394): CodeIgniter\CodeIgniter->startController()
#6 C:\xampp\htdocs\list_belajar\system\CodeIgniter.php(312): CodeIgniter\CodeIgniter->handleRequest(NULL, Object(Config\Cache), false)
#7 C:\xampp\htdocs\list_belajar\public\index.php(45): CodeIgniter\CodeIgniter->run()
#8 C:\xampp\htdocs\list_belajar\system\Commands\Server\rewrite.php(34): require_once('C:\\xampp\\htdocs...')
#9 {main}
CRITICAL - 2021-04-06 10:57:25 --> syntax error, unexpected ';', expecting ']'
#0 C:\xampp\htdocs\list_belajar\system\Autoloader\Autoloader.php(296): CodeIgniter\Autoloader\Autoloader->requireFile('C:\\xampp\\htdocs...')
#1 C:\xampp\htdocs\list_belajar\system\Autoloader\Autoloader.php(258): CodeIgniter\Autoloader\Autoloader->loadInNamespace('App\\Controllers...')
#2 [internal function]: CodeIgniter\Autoloader\Autoloader->loadClass('App\\Controllers...')
#3 [internal function]: spl_autoload_call('App\\Controllers...')
#4 C:\xampp\htdocs\list_belajar\system\CodeIgniter.php(869): class_exists('\\App\\Controller...', true)
#5 C:\xampp\htdocs\list_belajar\system\CodeIgniter.php(394): CodeIgniter\CodeIgniter->startController()
#6 C:\xampp\htdocs\list_belajar\system\CodeIgniter.php(312): CodeIgniter\CodeIgniter->handleRequest(NULL, Object(Config\Cache), false)
#7 C:\xampp\htdocs\list_belajar\public\index.php(45): CodeIgniter\CodeIgniter->run()
#8 C:\xampp\htdocs\list_belajar\system\Commands\Server\rewrite.php(34): require_once('C:\\xampp\\htdocs...')
#9 {main}
CRITICAL - 2021-04-06 11:07:42 --> Illegal string offset 'id_tipe'
#0 C:\xampp\htdocs\list_belajar\app\Controllers\MateriBelajar.php(57): CodeIgniter\Debug\Exceptions->errorHandler(2, 'Illegal string ...', 'C:\\xampp\\htdocs...', 57, Array)
#1 C:\xampp\htdocs\list_belajar\system\CodeIgniter.php(918): App\Controllers\MateriBelajar->create()
#2 C:\xampp\htdocs\list_belajar\system\CodeIgniter.php(404): CodeIgniter\CodeIgniter->runController(Object(App\Controllers\MateriBelajar))
#3 C:\xampp\htdocs\list_belajar\system\CodeIgniter.php(312): CodeIgniter\CodeIgniter->handleRequest(NULL, Object(Config\Cache), false)
#4 C:\xampp\htdocs\list_belajar\public\index.php(45): CodeIgniter\CodeIgniter->run()
#5 C:\xampp\htdocs\list_belajar\system\Commands\Server\rewrite.php(34): require_once('C:\\xampp\\htdocs...')
#6 {main}
CRITICAL - 2021-04-06 11:08:26 --> Illegal string offset 'id_tipe'
#0 C:\xampp\htdocs\list_belajar\app\Controllers\MateriBelajar.php(57): CodeIgniter\Debug\Exceptions->errorHandler(2, 'Illegal string ...', 'C:\\xampp\\htdocs...', 57, Array)
#1 C:\xampp\htdocs\list_belajar\system\CodeIgniter.php(918): App\Controllers\MateriBelajar->create()
#2 C:\xampp\htdocs\list_belajar\system\CodeIgniter.php(404): CodeIgniter\CodeIgniter->runController(Object(App\Controllers\MateriBelajar))
#3 C:\xampp\htdocs\list_belajar\system\CodeIgniter.php(312): CodeIgniter\CodeIgniter->handleRequest(NULL, Object(Config\Cache), false)
#4 C:\xampp\htdocs\list_belajar\public\index.php(45): CodeIgniter\CodeIgniter->run()
#5 C:\xampp\htdocs\list_belajar\system\Commands\Server\rewrite.php(34): require_once('C:\\xampp\\htdocs...')
#6 {main}
CRITICAL - 2021-04-06 11:09:24 --> Undefined index: id_tipe
#0 C:\xampp\htdocs\list_belajar\app\Controllers\MateriBelajar.php(57): CodeIgniter\Debug\Exceptions->errorHandler(8, 'Undefined index...', 'C:\\xampp\\htdocs...', 57, Array)
#1 C:\xampp\htdocs\list_belajar\system\CodeIgniter.php(918): App\Controllers\MateriBelajar->create()
#2 C:\xampp\htdocs\list_belajar\system\CodeIgniter.php(404): CodeIgniter\CodeIgniter->runController(Object(App\Controllers\MateriBelajar))
#3 C:\xampp\htdocs\list_belajar\system\CodeIgniter.php(312): CodeIgniter\CodeIgniter->handleRequest(NULL, Object(Config\Cache), false)
#4 C:\xampp\htdocs\list_belajar\public\index.php(45): CodeIgniter\CodeIgniter->run()
#5 C:\xampp\htdocs\list_belajar\system\Commands\Server\rewrite.php(34): require_once('C:\\xampp\\htdocs...')
#6 {main}
CRITICAL - 2021-04-06 11:10:12 --> Undefined index: id_tipe
#0 C:\xampp\htdocs\list_belajar\app\Controllers\MateriBelajar.php(57): CodeIgniter\Debug\Exceptions->errorHandler(8, 'Undefined index...', 'C:\\xampp\\htdocs...', 57, Array)
#1 C:\xampp\htdocs\list_belajar\system\CodeIgniter.php(918): App\Controllers\MateriBelajar->create()
#2 C:\xampp\htdocs\list_belajar\system\CodeIgniter.php(404): CodeIgniter\CodeIgniter->runController(Object(App\Controllers\MateriBelajar))
#3 C:\xampp\htdocs\list_belajar\system\CodeIgniter.php(312): CodeIgniter\CodeIgniter->handleRequest(NULL, Object(Config\Cache), false)
#4 C:\xampp\htdocs\list_belajar\public\index.php(45): CodeIgniter\CodeIgniter->run()
#5 C:\xampp\htdocs\list_belajar\system\Commands\Server\rewrite.php(34): require_once('C:\\xampp\\htdocs...')
#6 {main}
CRITICAL - 2021-04-06 11:32:50 --> Array to string conversion
#0 C:\xampp\htdocs\list_belajar\app\Controllers\MateriBelajar.php(67): CodeIgniter\Debug\Exceptions->errorHandler(8, 'Array to string...', 'C:\\xampp\\htdocs...', 67, Array)
#1 C:\xampp\htdocs\list_belajar\system\CodeIgniter.php(918): App\Controllers\MateriBelajar->create()
#2 C:\xampp\htdocs\list_belajar\system\CodeIgniter.php(404): CodeIgniter\CodeIgniter->runController(Object(App\Controllers\MateriBelajar))
#3 C:\xampp\htdocs\list_belajar\system\CodeIgniter.php(312): CodeIgniter\CodeIgniter->handleRequest(NULL, Object(Config\Cache), false)
#4 C:\xampp\htdocs\list_belajar\public\index.php(45): CodeIgniter\CodeIgniter->run()
#5 C:\xampp\htdocs\list_belajar\system\Commands\Server\rewrite.php(34): require_once('C:\\xampp\\htdocs...')
#6 {main}
CRITICAL - 2021-04-06 11:33:17 --> Unsupported operand types
#0 C:\xampp\htdocs\list_belajar\system\CodeIgniter.php(918): App\Controllers\MateriBelajar->create()
#1 C:\xampp\htdocs\list_belajar\system\CodeIgniter.php(404): CodeIgniter\CodeIgniter->runController(Object(App\Controllers\MateriBelajar))
#2 C:\xampp\htdocs\list_belajar\system\CodeIgniter.php(312): CodeIgniter\CodeIgniter->handleRequest(NULL, Object(Config\Cache), false)
#3 C:\xampp\htdocs\list_belajar\public\index.php(45): CodeIgniter\CodeIgniter->run()
#4 C:\xampp\htdocs\list_belajar\system\Commands\Server\rewrite.php(34): require_once('C:\\xampp\\htdocs...')
#5 {main}
CRITICAL - 2021-04-06 12:09:48 --> Undefined index: id_materi
#0 C:\xampp\htdocs\list_belajar\app\Controllers\MateriBelajar.php(88): CodeIgniter\Debug\Exceptions->errorHandler(8, 'Undefined index...', 'C:\\xampp\\htdocs...', 88, Array)
#1 C:\xampp\htdocs\list_belajar\system\CodeIgniter.php(918): App\Controllers\MateriBelajar->update('9')
#2 C:\xampp\htdocs\list_belajar\system\CodeIgniter.php(404): CodeIgniter\CodeIgniter->runController(Object(App\Controllers\MateriBelajar))
#3 C:\xampp\htdocs\list_belajar\system\CodeIgniter.php(312): CodeIgniter\CodeIgniter->handleRequest(NULL, Object(Config\Cache), false)
#4 C:\xampp\htdocs\list_belajar\public\index.php(45): CodeIgniter\CodeIgniter->run()
#5 C:\xampp\htdocs\list_belajar\system\Commands\Server\rewrite.php(34): require_once('C:\\xampp\\htdocs...')
#6 {main}
CRITICAL - 2021-04-06 12:46:22 --> Column 'id_akun' cannot be null
#0 C:\xampp\htdocs\list_belajar\system\Database\MySQLi\Connection.php(331): mysqli->query('INSERT INTO `bo...')
#1 C:\xampp\htdocs\list_belajar\system\Database\BaseConnection.php(741): CodeIgniter\Database\MySQLi\Connection->execute('INSERT INTO `bo...')
#2 C:\xampp\htdocs\list_belajar\system\Database\BaseConnection.php(669): CodeIgniter\Database\BaseConnection->simpleQuery('INSERT INTO `bo...')
#3 C:\xampp\htdocs\list_belajar\system\Database\BaseBuilder.php(2249): CodeIgniter\Database\BaseConnection->query('INSERT INTO `bo...', Array, false)
#4 C:\xampp\htdocs\list_belajar\system\Model.php(755): CodeIgniter\Database\BaseBuilder->insert()
#5 C:\xampp\htdocs\list_belajar\app\Controllers\Bookmark.php(40): CodeIgniter\Model->insert(Array)
#6 C:\xampp\htdocs\list_belajar\system\CodeIgniter.php(918): App\Controllers\Bookmark->create()
#7 C:\xampp\htdocs\list_belajar\system\CodeIgniter.php(404): CodeIgniter\CodeIgniter->runController(Object(App\Controllers\Bookmark))
#8 C:\xampp\htdocs\list_belajar\system\CodeIgniter.php(312): CodeIgniter\CodeIgniter->handleRequest(NULL, Object(Config\Cache), false)
#9 C:\xampp\htdocs\list_belajar\public\index.php(45): CodeIgniter\CodeIgniter->run()
#10 C:\xampp\htdocs\list_belajar\system\Commands\Server\rewrite.php(34): require_once('C:\\xampp\\htdocs...')
#11 {main}
