CRITICAL - 2021-04-11 07:39:44 --> unlink(../public/files/profile/bakun.jpeg): No such file or directory
#0 [internal function]: CodeIgniter\Debug\Exceptions->errorHandler(2, 'unlink(../publi...', 'F:\\XAMPP7\\htdoc...', 102, Array)
#1 F:\XAMPP7\htdocs\mejakita_list_belajar\app\Controllers\PlaylistBelajar.php(102): unlink('../public/files...')
#2 F:\XAMPP7\htdocs\mejakita_list_belajar\system\CodeIgniter.php(918): App\Controllers\PlaylistBelajar->update('4')
#3 F:\XAMPP7\htdocs\mejakita_list_belajar\system\CodeIgniter.php(404): CodeIgniter\CodeIgniter->runController(Object(App\Controllers\PlaylistBelajar))
#4 F:\XAMPP7\htdocs\mejakita_list_belajar\system\CodeIgniter.php(312): CodeIgniter\CodeIgniter->handleRequest(NULL, Object(Config\Cache), false)
#5 F:\XAMPP7\htdocs\mejakita_list_belajar\public\index.php(45): CodeIgniter\CodeIgniter->run()
#6 F:\XAMPP7\htdocs\mejakita_list_belajar\system\Commands\Server\rewrite.php(34): require_once('F:\\XAMPP7\\htdoc...')
#7 {main}
CRITICAL - 2021-04-11 07:40:02 --> unlink(../public/files/profile/bakun.jpeg): No such file or directory
#0 [internal function]: CodeIgniter\Debug\Exceptions->errorHandler(2, 'unlink(../publi...', 'F:\\XAMPP7\\htdoc...', 102, Array)
#1 F:\XAMPP7\htdocs\mejakita_list_belajar\app\Controllers\PlaylistBelajar.php(102): unlink('../public/files...')
#2 F:\XAMPP7\htdocs\mejakita_list_belajar\system\CodeIgniter.php(918): App\Controllers\PlaylistBelajar->update('4')
#3 F:\XAMPP7\htdocs\mejakita_list_belajar\system\CodeIgniter.php(404): CodeIgniter\CodeIgniter->runController(Object(App\Controllers\PlaylistBelajar))
#4 F:\XAMPP7\htdocs\mejakita_list_belajar\system\CodeIgniter.php(312): CodeIgniter\CodeIgniter->handleRequest(NULL, Object(Config\Cache), false)
#5 F:\XAMPP7\htdocs\mejakita_list_belajar\public\index.php(45): CodeIgniter\CodeIgniter->run()
#6 F:\XAMPP7\htdocs\mejakita_list_belajar\system\Commands\Server\rewrite.php(34): require_once('F:\\XAMPP7\\htdoc...')
#7 {main}
CRITICAL - 2021-04-11 07:40:33 --> unlink(../public/files/profile/bakun.jpeg): No such file or directory
#0 [internal function]: CodeIgniter\Debug\Exceptions->errorHandler(2, 'unlink(../publi...', 'F:\\XAMPP7\\htdoc...', 102, Array)
#1 F:\XAMPP7\htdocs\mejakita_list_belajar\app\Controllers\PlaylistBelajar.php(102): unlink('../public/files...')
#2 F:\XAMPP7\htdocs\mejakita_list_belajar\system\CodeIgniter.php(918): App\Controllers\PlaylistBelajar->update('4')
#3 F:\XAMPP7\htdocs\mejakita_list_belajar\system\CodeIgniter.php(404): CodeIgniter\CodeIgniter->runController(Object(App\Controllers\PlaylistBelajar))
#4 F:\XAMPP7\htdocs\mejakita_list_belajar\system\CodeIgniter.php(312): CodeIgniter\CodeIgniter->handleRequest(NULL, Object(Config\Cache), false)
#5 F:\XAMPP7\htdocs\mejakita_list_belajar\public\index.php(45): CodeIgniter\CodeIgniter->run()
#6 F:\XAMPP7\htdocs\mejakita_list_belajar\system\Commands\Server\rewrite.php(34): require_once('F:\\XAMPP7\\htdoc...')
#7 {main}
CRITICAL - 2021-04-11 07:43:01 --> unlink(../public/files/profile/bakun.jpeg): No such file or directory
#0 [internal function]: CodeIgniter\Debug\Exceptions->errorHandler(2, 'unlink(../publi...', 'F:\\XAMPP7\\htdoc...', 102, Array)
#1 F:\XAMPP7\htdocs\mejakita_list_belajar\app\Controllers\PlaylistBelajar.php(102): unlink('../public/files...')
#2 F:\XAMPP7\htdocs\mejakita_list_belajar\system\CodeIgniter.php(918): App\Controllers\PlaylistBelajar->update('5')
#3 F:\XAMPP7\htdocs\mejakita_list_belajar\system\CodeIgniter.php(404): CodeIgniter\CodeIgniter->runController(Object(App\Controllers\PlaylistBelajar))
#4 F:\XAMPP7\htdocs\mejakita_list_belajar\system\CodeIgniter.php(312): CodeIgniter\CodeIgniter->handleRequest(NULL, Object(Config\Cache), false)
#5 F:\XAMPP7\htdocs\mejakita_list_belajar\public\index.php(45): CodeIgniter\CodeIgniter->run()
#6 F:\XAMPP7\htdocs\mejakita_list_belajar\system\Commands\Server\rewrite.php(34): require_once('F:\\XAMPP7\\htdoc...')
#7 {main}
CRITICAL - 2021-04-11 08:04:58 --> Array to string conversion
#0 F:\XAMPP7\htdocs\mejakita_list_belajar\app\Controllers\PlaylistBelajar.php(152): CodeIgniter\Debug\Exceptions->errorHandler(8, 'Array to string...', 'F:\\XAMPP7\\htdoc...', 152, Array)
#1 F:\XAMPP7\htdocs\mejakita_list_belajar\system\CodeIgniter.php(918): App\Controllers\PlaylistBelajar->updateviews('1')
#2 F:\XAMPP7\htdocs\mejakita_list_belajar\system\CodeIgniter.php(404): CodeIgniter\CodeIgniter->runController(Object(App\Controllers\PlaylistBelajar))
#3 F:\XAMPP7\htdocs\mejakita_list_belajar\system\CodeIgniter.php(312): CodeIgniter\CodeIgniter->handleRequest(NULL, Object(Config\Cache), false)
#4 F:\XAMPP7\htdocs\mejakita_list_belajar\public\index.php(45): CodeIgniter\CodeIgniter->run()
#5 F:\XAMPP7\htdocs\mejakita_list_belajar\system\Commands\Server\rewrite.php(34): require_once('F:\\XAMPP7\\htdoc...')
#6 {main}
CRITICAL - 2021-04-11 08:10:15 --> Call to a member function getName() on null
#0 F:\XAMPP7\htdocs\mejakita_list_belajar\system\CodeIgniter.php(918): App\Controllers\PlaylistBelajar->update('1')
#1 F:\XAMPP7\htdocs\mejakita_list_belajar\system\CodeIgniter.php(404): CodeIgniter\CodeIgniter->runController(Object(App\Controllers\PlaylistBelajar))
#2 F:\XAMPP7\htdocs\mejakita_list_belajar\system\CodeIgniter.php(312): CodeIgniter\CodeIgniter->handleRequest(NULL, Object(Config\Cache), false)
#3 F:\XAMPP7\htdocs\mejakita_list_belajar\public\index.php(45): CodeIgniter\CodeIgniter->run()
#4 F:\XAMPP7\htdocs\mejakita_list_belajar\system\Commands\Server\rewrite.php(34): require_once('F:\\XAMPP7\\htdoc...')
#5 {main}
CRITICAL - 2021-04-11 08:24:20 --> You must use the "set" method to update an entry.
#0 F:\XAMPP7\htdocs\mejakita_list_belajar\system\Database\BaseBuilder.php(2430): CodeIgniter\Database\BaseBuilder->validateUpdate()
#1 F:\XAMPP7\htdocs\mejakita_list_belajar\system\Model.php(889): CodeIgniter\Database\BaseBuilder->update()
#2 F:\XAMPP7\htdocs\mejakita_list_belajar\app\Controllers\MateriBelajar.php(65): CodeIgniter\Model->update(Array, Array)
#3 F:\XAMPP7\htdocs\mejakita_list_belajar\system\CodeIgniter.php(918): App\Controllers\MateriBelajar->create()
#4 F:\XAMPP7\htdocs\mejakita_list_belajar\system\CodeIgniter.php(404): CodeIgniter\CodeIgniter->runController(Object(App\Controllers\MateriBelajar))
#5 F:\XAMPP7\htdocs\mejakita_list_belajar\system\CodeIgniter.php(312): CodeIgniter\CodeIgniter->handleRequest(NULL, Object(Config\Cache), false)
#6 F:\XAMPP7\htdocs\mejakita_list_belajar\public\index.php(45): CodeIgniter\CodeIgniter->run()
#7 F:\XAMPP7\htdocs\mejakita_list_belajar\system\Commands\Server\rewrite.php(34): require_once('F:\\XAMPP7\\htdoc...')
#8 {main}
CRITICAL - 2021-04-11 08:44:41 --> Undefined index: nama_materi
#0 F:\XAMPP7\htdocs\mejakita_list_belajar\app\Controllers\MateriBelajar.php(46): CodeIgniter\Debug\Exceptions->errorHandler(8, 'Undefined index...', 'F:\\XAMPP7\\htdoc...', 46, Array)
#1 F:\XAMPP7\htdocs\mejakita_list_belajar\system\CodeIgniter.php(918): App\Controllers\MateriBelajar->index()
#2 F:\XAMPP7\htdocs\mejakita_list_belajar\system\CodeIgniter.php(404): CodeIgniter\CodeIgniter->runController(Object(App\Controllers\MateriBelajar))
#3 F:\XAMPP7\htdocs\mejakita_list_belajar\system\CodeIgniter.php(312): CodeIgniter\CodeIgniter->handleRequest(NULL, Object(Config\Cache), false)
#4 F:\XAMPP7\htdocs\mejakita_list_belajar\public\index.php(45): CodeIgniter\CodeIgniter->run()
#5 F:\XAMPP7\htdocs\mejakita_list_belajar\system\Commands\Server\rewrite.php(34): require_once('F:\\XAMPP7\\htdoc...')
#6 {main}
CRITICAL - 2021-04-11 08:44:53 --> Undefined index: nama_materi
#0 F:\XAMPP7\htdocs\mejakita_list_belajar\app\Controllers\MateriBelajar.php(46): CodeIgniter\Debug\Exceptions->errorHandler(8, 'Undefined index...', 'F:\\XAMPP7\\htdoc...', 46, Array)
#1 F:\XAMPP7\htdocs\mejakita_list_belajar\system\CodeIgniter.php(918): App\Controllers\MateriBelajar->index()
#2 F:\XAMPP7\htdocs\mejakita_list_belajar\system\CodeIgniter.php(404): CodeIgniter\CodeIgniter->runController(Object(App\Controllers\MateriBelajar))
#3 F:\XAMPP7\htdocs\mejakita_list_belajar\system\CodeIgniter.php(312): CodeIgniter\CodeIgniter->handleRequest(NULL, Object(Config\Cache), false)
#4 F:\XAMPP7\htdocs\mejakita_list_belajar\public\index.php(45): CodeIgniter\CodeIgniter->run()
#5 F:\XAMPP7\htdocs\mejakita_list_belajar\system\Commands\Server\rewrite.php(34): require_once('F:\\XAMPP7\\htdoc...')
#6 {main}
